This is pdfTeX, Version 3.141592653-2.6-1.40.23 (TeX Live 2021/W32TeX) (preloaded format=pdflatex 2021.10.28)  11 FEB 2022 11:29
entering extended mode
 restricted \write18 enabled.
 %&-line parsing enabled.
**my_beamer.tex
(./my_beamer.tex
LaTeX2e <2021-06-01> patch level 1
L3 programming layer <2021-10-18>
(c:/texlive/2021/texmf-dist/tex/latex/beamer/beamer.cls
Document Class: beamer 2021/10/18 v3.64 A class for typesetting presentations
(c:/texlive/2021/texmf-dist/tex/latex/beamer/beamerbasemodes.sty
(c:/texlive/2021/texmf-dist/tex/latex/etoolbox/etoolbox.sty
Package: etoolbox 2020/10/05 v2.5k e-TeX tools for LaTeX (JAW)
\etb@tempcnta=\count182
)
\beamer@tempbox=\box50
\beamer@tempcount=\count183
\c@beamerpauses=\count184

(c:/texlive/2021/texmf-dist/tex/latex/beamer/beamerbasedecode.sty
\beamer@slideinframe=\count185
\beamer@minimum=\count186
\beamer@decode@box=\box51
)
\beamer@commentbox=\box52
\beamer@modecount=\count187
)
(c:/texlive/2021/texmf-dist/tex/generic/iftex/ifpdf.sty
Package: ifpdf 2019/10/25 v3.4 ifpdf legacy package. Use iftex instead.

(c:/texlive/2021/texmf-dist/tex/generic/iftex/iftex.sty
Package: iftex 2020/03/06 v1.0d TeX engine tests
))
\headdp=\dimen138
\footheight=\dimen139
\sidebarheight=\dimen140
\beamer@tempdim=\dimen141
\beamer@finalheight=\dimen142
\beamer@animht=\dimen143
\beamer@animdp=\dimen144
\beamer@animwd=\dimen145
\beamer@leftmargin=\dimen146
\beamer@rightmargin=\dimen147
\beamer@leftsidebar=\dimen148
\beamer@rightsidebar=\dimen149
\beamer@boxsize=\dimen150
\beamer@vboxoffset=\dimen151
\beamer@descdefault=\dimen152
\beamer@descriptionwidth=\dimen153
\beamer@lastskip=\skip47
\beamer@areabox=\box53
\beamer@animcurrent=\box54
\beamer@animshowbox=\box55
\beamer@sectionbox=\box56
\beamer@logobox=\box57
\beamer@linebox=\box58
\beamer@sectioncount=\count188
\beamer@subsubsectionmax=\count189
\beamer@subsectionmax=\count190
\beamer@sectionmax=\count191
\beamer@totalheads=\count192
\beamer@headcounter=\count193
\beamer@partstartpage=\count194
\beamer@sectionstartpage=\count195
\beamer@subsectionstartpage=\count196
\beamer@animationtempa=\count197
\beamer@animationtempb=\count198
\beamer@xpos=\count199
\beamer@ypos=\count266
\beamer@ypos@offset=\count267
\beamer@showpartnumber=\count268
\beamer@currentsubsection=\count269
\beamer@coveringdepth=\count270
\beamer@sectionadjust=\count271
\beamer@toclastsection=\count272
\beamer@tocsectionnumber=\count273

(c:/texlive/2021/texmf-dist/tex/latex/beamer/beamerbaseoptions.sty
(c:/texlive/2021/texmf-dist/tex/latex/graphics/keyval.sty
Package: keyval 2014/10/28 v1.15 key=value parser (DPC)
\KV@toks@=\toks16
))
\beamer@paperwidth=\skip48
\beamer@paperheight=\skip49

(c:/texlive/2021/texmf-dist/tex/latex/geometry/geometry.sty
Package: geometry 2020/01/02 v5.9 Page Geometry

(c:/texlive/2021/texmf-dist/tex/generic/iftex/ifvtex.sty
Package: ifvtex 2019/10/25 v1.7 ifvtex legacy package. Use iftex instead.
)
\Gm@cnth=\count274
\Gm@cntv=\count275
\c@Gm@tempcnt=\count276
\Gm@bindingoffset=\dimen154
\Gm@wd@mp=\dimen155
\Gm@odd@mp=\dimen156
\Gm@even@mp=\dimen157
\Gm@layoutwidth=\dimen158
\Gm@layoutheight=\dimen159
\Gm@layouthoffset=\dimen160
\Gm@layoutvoffset=\dimen161
\Gm@dimlist=\toks17
)
(c:/texlive/2021/texmf-dist/tex/latex/base/size11.clo
File: size11.clo 2021/02/12 v1.4n Standard LaTeX file (size option)
)
(c:/texlive/2021/texmf-dist/tex/latex/pgf/basiclayer/pgfcore.sty
(c:/texlive/2021/texmf-dist/tex/latex/graphics/graphicx.sty
Package: graphicx 2020/12/05 v1.2c Enhanced LaTeX Graphics (DPC,SPQR)

(c:/texlive/2021/texmf-dist/tex/latex/graphics/graphics.sty
Package: graphics 2021/03/04 v1.4d Standard LaTeX Graphics (DPC,SPQR)

(c:/texlive/2021/texmf-dist/tex/latex/graphics/trig.sty
Package: trig 2016/01/03 v1.10 sin cos tan (DPC)
)
(c:/texlive/2021/texmf-dist/tex/latex/graphics-cfg/graphics.cfg
File: graphics.cfg 2016/06/04 v1.11 sample graphics configuration
)
Package graphics Info: Driver file: pdftex.def on input line 107.

(c:/texlive/2021/texmf-dist/tex/latex/graphics-def/pdftex.def
File: pdftex.def 2020/10/05 v1.2a Graphics/color driver for pdftex
))
\Gin@req@height=\dimen162
\Gin@req@width=\dimen163
)
(c:/texlive/2021/texmf-dist/tex/latex/pgf/systemlayer/pgfsys.sty
(c:/texlive/2021/texmf-dist/tex/latex/pgf/utilities/pgfrcs.sty
(c:/texlive/2021/texmf-dist/tex/generic/pgf/utilities/pgfutil-common.tex
\pgfutil@everybye=\toks18
\pgfutil@tempdima=\dimen164
\pgfutil@tempdimb=\dimen165

(c:/texlive/2021/texmf-dist/tex/generic/pgf/utilities/pgfutil-common-lists.tex)
) (c:/texlive/2021/texmf-dist/tex/generic/pgf/utilities/pgfutil-latex.def
\pgfutil@abb=\box59
)
(c:/texlive/2021/texmf-dist/tex/generic/pgf/utilities/pgfrcs.code.tex
(c:/texlive/2021/texmf-dist/tex/generic/pgf/pgf.revision.tex)
Package: pgfrcs 2021/05/15 v3.1.9a (3.1.9a)
))
(c:/texlive/2021/texmf-dist/tex/generic/pgf/systemlayer/pgfsys.code.tex
Package: pgfsys 2021/05/15 v3.1.9a (3.1.9a)

(c:/texlive/2021/texmf-dist/tex/generic/pgf/utilities/pgfkeys.code.tex
\pgfkeys@pathtoks=\toks19
\pgfkeys@temptoks=\toks20

(c:/texlive/2021/texmf-dist/tex/generic/pgf/utilities/pgfkeysfiltered.code.tex
\pgfkeys@tmptoks=\toks21
))
\pgf@x=\dimen166
\pgf@y=\dimen167
\pgf@xa=\dimen168
\pgf@ya=\dimen169
\pgf@xb=\dimen170
\pgf@yb=\dimen171
\pgf@xc=\dimen172
\pgf@yc=\dimen173
\pgf@xd=\dimen174
\pgf@yd=\dimen175
\w@pgf@writea=\write3
\r@pgf@reada=\read2
\c@pgf@counta=\count277
\c@pgf@countb=\count278
\c@pgf@countc=\count279
\c@pgf@countd=\count280
\t@pgf@toka=\toks22
\t@pgf@tokb=\toks23
\t@pgf@tokc=\toks24
\pgf@sys@id@count=\count281
 (c:/texlive/2021/texmf-dist/tex/generic/pgf/systemlayer/pgf.cfg
File: pgf.cfg 2021/05/15 v3.1.9a (3.1.9a)
)
Driver file for pgf: pgfsys-pdftex.def

(c:/texlive/2021/texmf-dist/tex/generic/pgf/systemlayer/pgfsys-pdftex.def
File: pgfsys-pdftex.def 2021/05/15 v3.1.9a (3.1.9a)

(c:/texlive/2021/texmf-dist/tex/generic/pgf/systemlayer/pgfsys-common-pdf.def
File: pgfsys-common-pdf.def 2021/05/15 v3.1.9a (3.1.9a)
)))
(c:/texlive/2021/texmf-dist/tex/generic/pgf/systemlayer/pgfsyssoftpath.code.tex
File: pgfsyssoftpath.code.tex 2021/05/15 v3.1.9a (3.1.9a)
\pgfsyssoftpath@smallbuffer@items=\count282
\pgfsyssoftpath@bigbuffer@items=\count283
)
(c:/texlive/2021/texmf-dist/tex/generic/pgf/systemlayer/pgfsysprotocol.code.tex
File: pgfsysprotocol.code.tex 2021/05/15 v3.1.9a (3.1.9a)
)) (c:/texlive/2021/texmf-dist/tex/latex/xcolor/xcolor.sty
Package: xcolor 2016/05/11 v2.12 LaTeX color extensions (UK)

(c:/texlive/2021/texmf-dist/tex/latex/graphics-cfg/color.cfg
File: color.cfg 2016/01/02 v1.6 sample color configuration
)
Package xcolor Info: Driver file: pdftex.def on input line 225.
Package xcolor Info: Model `cmy' substituted by `cmy0' on input line 1348.
Package xcolor Info: Model `hsb' substituted by `rgb' on input line 1352.
Package xcolor Info: Model `RGB' extended on input line 1364.
Package xcolor Info: Model `HTML' substituted by `rgb' on input line 1366.
Package xcolor Info: Model `Hsb' substituted by `hsb' on input line 1367.
Package xcolor Info: Model `tHsb' substituted by `hsb' on input line 1368.
Package xcolor Info: Model `HSB' substituted by `hsb' on input line 1369.
Package xcolor Info: Model `Gray' substituted by `gray' on input line 1370.
Package xcolor Info: Model `wave' substituted by `hsb' on input line 1371.

(c:/texlive/2021/texmf-dist/tex/latex/graphics/dvipsnam.def
File: dvipsnam.def 2016/06/17 v3.0m Driver-dependent file (DPC,SPQR)
))
(c:/texlive/2021/texmf-dist/tex/generic/pgf/basiclayer/pgfcore.code.tex
Package: pgfcore 2021/05/15 v3.1.9a (3.1.9a)

(c:/texlive/2021/texmf-dist/tex/generic/pgf/math/pgfmath.code.tex
(c:/texlive/2021/texmf-dist/tex/generic/pgf/math/pgfmathcalc.code.tex
(c:/texlive/2021/texmf-dist/tex/generic/pgf/math/pgfmathutil.code.tex)
(c:/texlive/2021/texmf-dist/tex/generic/pgf/math/pgfmathparser.code.tex
\pgfmath@dimen=\dimen176
\pgfmath@count=\count284
\pgfmath@box=\box60
\pgfmath@toks=\toks25
\pgfmath@stack@operand=\toks26
\pgfmath@stack@operation=\toks27
)
(c:/texlive/2021/texmf-dist/tex/generic/pgf/math/pgfmathfunctions.code.tex
(c:/texlive/2021/texmf-dist/tex/generic/pgf/math/pgfmathfunctions.basic.code.te
x)
(c:/texlive/2021/texmf-dist/tex/generic/pgf/math/pgfmathfunctions.trigonometric
.code.tex)
(c:/texlive/2021/texmf-dist/tex/generic/pgf/math/pgfmathfunctions.random.code.t
ex)
(c:/texlive/2021/texmf-dist/tex/generic/pgf/math/pgfmathfunctions.comparison.co
de.tex)
(c:/texlive/2021/texmf-dist/tex/generic/pgf/math/pgfmathfunctions.base.code.tex
)
(c:/texlive/2021/texmf-dist/tex/generic/pgf/math/pgfmathfunctions.round.code.te
x)
(c:/texlive/2021/texmf-dist/tex/generic/pgf/math/pgfmathfunctions.misc.code.tex
)
(c:/texlive/2021/texmf-dist/tex/generic/pgf/math/pgfmathfunctions.integerarithm
etics.code.tex)))
(c:/texlive/2021/texmf-dist/tex/generic/pgf/math/pgfmathfloat.code.tex
\c@pgfmathroundto@lastzeros=\count285
))
(c:/texlive/2021/texmf-dist/tex/generic/pgf/math/pgfint.code.tex)
(c:/texlive/2021/texmf-dist/tex/generic/pgf/basiclayer/pgfcorepoints.code.tex
File: pgfcorepoints.code.tex 2021/05/15 v3.1.9a (3.1.9a)
\pgf@picminx=\dimen177
\pgf@picmaxx=\dimen178
\pgf@picminy=\dimen179
\pgf@picmaxy=\dimen180
\pgf@pathminx=\dimen181
\pgf@pathmaxx=\dimen182
\pgf@pathminy=\dimen183
\pgf@pathmaxy=\dimen184
\pgf@xx=\dimen185
\pgf@xy=\dimen186
\pgf@yx=\dimen187
\pgf@yy=\dimen188
\pgf@zx=\dimen189
\pgf@zy=\dimen190
)
(c:/texlive/2021/texmf-dist/tex/generic/pgf/basiclayer/pgfcorepathconstruct.cod
e.tex
File: pgfcorepathconstruct.code.tex 2021/05/15 v3.1.9a (3.1.9a)
\pgf@path@lastx=\dimen191
\pgf@path@lasty=\dimen192
)
(c:/texlive/2021/texmf-dist/tex/generic/pgf/basiclayer/pgfcorepathusage.code.te
x
File: pgfcorepathusage.code.tex 2021/05/15 v3.1.9a (3.1.9a)
\pgf@shorten@end@additional=\dimen193
\pgf@shorten@start@additional=\dimen194
)
(c:/texlive/2021/texmf-dist/tex/generic/pgf/basiclayer/pgfcorescopes.code.tex
File: pgfcorescopes.code.tex 2021/05/15 v3.1.9a (3.1.9a)
\pgfpic=\box61
\pgf@hbox=\box62
\pgf@layerbox@main=\box63
\pgf@picture@serial@count=\count286
)
(c:/texlive/2021/texmf-dist/tex/generic/pgf/basiclayer/pgfcoregraphicstate.code
.tex
File: pgfcoregraphicstate.code.tex 2021/05/15 v3.1.9a (3.1.9a)
\pgflinewidth=\dimen195
)
(c:/texlive/2021/texmf-dist/tex/generic/pgf/basiclayer/pgfcoretransformations.c
ode.tex
File: pgfcoretransformations.code.tex 2021/05/15 v3.1.9a (3.1.9a)
\pgf@pt@x=\dimen196
\pgf@pt@y=\dimen197
\pgf@pt@temp=\dimen198
)
(c:/texlive/2021/texmf-dist/tex/generic/pgf/basiclayer/pgfcorequick.code.tex
File: pgfcorequick.code.tex 2021/05/15 v3.1.9a (3.1.9a)
)
(c:/texlive/2021/texmf-dist/tex/generic/pgf/basiclayer/pgfcoreobjects.code.tex
File: pgfcoreobjects.code.tex 2021/05/15 v3.1.9a (3.1.9a)
)
(c:/texlive/2021/texmf-dist/tex/generic/pgf/basiclayer/pgfcorepathprocessing.co
de.tex
File: pgfcorepathprocessing.code.tex 2021/05/15 v3.1.9a (3.1.9a)
)
(c:/texlive/2021/texmf-dist/tex/generic/pgf/basiclayer/pgfcorearrows.code.tex
File: pgfcorearrows.code.tex 2021/05/15 v3.1.9a (3.1.9a)
\pgfarrowsep=\dimen199
)
(c:/texlive/2021/texmf-dist/tex/generic/pgf/basiclayer/pgfcoreshade.code.tex
File: pgfcoreshade.code.tex 2021/05/15 v3.1.9a (3.1.9a)
\pgf@max=\dimen256
\pgf@sys@shading@range@num=\count287
\pgf@shadingcount=\count288
)
(c:/texlive/2021/texmf-dist/tex/generic/pgf/basiclayer/pgfcoreimage.code.tex
File: pgfcoreimage.code.tex 2021/05/15 v3.1.9a (3.1.9a)

(c:/texlive/2021/texmf-dist/tex/generic/pgf/basiclayer/pgfcoreexternal.code.tex
File: pgfcoreexternal.code.tex 2021/05/15 v3.1.9a (3.1.9a)
\pgfexternal@startupbox=\box64
))
(c:/texlive/2021/texmf-dist/tex/generic/pgf/basiclayer/pgfcorelayers.code.tex
File: pgfcorelayers.code.tex 2021/05/15 v3.1.9a (3.1.9a)
)
(c:/texlive/2021/texmf-dist/tex/generic/pgf/basiclayer/pgfcoretransparency.code
.tex
File: pgfcoretransparency.code.tex 2021/05/15 v3.1.9a (3.1.9a)
)
(c:/texlive/2021/texmf-dist/tex/generic/pgf/basiclayer/pgfcorepatterns.code.tex
File: pgfcorepatterns.code.tex 2021/05/15 v3.1.9a (3.1.9a)
) (c:/texlive/2021/texmf-dist/tex/generic/pgf/basiclayer/pgfcorerdf.code.tex
File: pgfcorerdf.code.tex 2021/05/15 v3.1.9a (3.1.9a)
))) (c:/texlive/2021/texmf-dist/tex/latex/pgf/utilities/xxcolor.sty
Package: xxcolor 2003/10/24 ver 0.1
\XC@nummixins=\count289
\XC@countmixins=\count290
)
(c:/texlive/2021/texmf-dist/tex/latex/base/atbegshi-ltx.sty
Package: atbegshi-ltx 2021/01/10 v1.0c Emulation of the original atbegshi
package with kernel methods
)
(c:/texlive/2021/texmf-dist/tex/latex/hyperref/hyperref.sty
Package: hyperref 2021-06-07 v7.00m Hypertext links for LaTeX

(c:/texlive/2021/texmf-dist/tex/generic/ltxcmds/ltxcmds.sty
Package: ltxcmds 2020-05-10 v1.25 LaTeX kernel commands for general use (HO)
)
(c:/texlive/2021/texmf-dist/tex/generic/pdftexcmds/pdftexcmds.sty
Package: pdftexcmds 2020-06-27 v0.33 Utility functions of pdfTeX for LuaTeX (HO
)

(c:/texlive/2021/texmf-dist/tex/generic/infwarerr/infwarerr.sty
Package: infwarerr 2019/12/03 v1.5 Providing info/warning/error messages (HO)
)
Package pdftexcmds Info: \pdf@primitive is available.
Package pdftexcmds Info: \pdf@ifprimitive is available.
Package pdftexcmds Info: \pdfdraftmode found.
)
(c:/texlive/2021/texmf-dist/tex/generic/kvsetkeys/kvsetkeys.sty
Package: kvsetkeys 2019/12/15 v1.18 Key value parser (HO)
)
(c:/texlive/2021/texmf-dist/tex/generic/kvdefinekeys/kvdefinekeys.sty
Package: kvdefinekeys 2019-12-19 v1.6 Define keys (HO)
)
(c:/texlive/2021/texmf-dist/tex/generic/pdfescape/pdfescape.sty
Package: pdfescape 2019/12/09 v1.15 Implements pdfTeX's escape features (HO)
)
(c:/texlive/2021/texmf-dist/tex/latex/hycolor/hycolor.sty
Package: hycolor 2020-01-27 v1.10 Color options for hyperref/bookmark (HO)
)
(c:/texlive/2021/texmf-dist/tex/latex/letltxmacro/letltxmacro.sty
Package: letltxmacro 2019/12/03 v1.6 Let assignment for LaTeX macros (HO)
)
(c:/texlive/2021/texmf-dist/tex/latex/auxhook/auxhook.sty
Package: auxhook 2019-12-17 v1.6 Hooks for auxiliary files (HO)
)
(c:/texlive/2021/texmf-dist/tex/latex/kvoptions/kvoptions.sty
Package: kvoptions 2020-10-07 v3.14 Key value format for package options (HO)
)
\@linkdim=\dimen257
\Hy@linkcounter=\count291
\Hy@pagecounter=\count292

(c:/texlive/2021/texmf-dist/tex/latex/hyperref/pd1enc.def
File: pd1enc.def 2021-06-07 v7.00m Hyperref: PDFDocEncoding definition (HO)
Now handling font encoding PD1 ...
... no UTF-8 mapping file for font encoding PD1
)
(c:/texlive/2021/texmf-dist/tex/latex/hyperref/hyperref-langpatches.def
File: hyperref-langpatches.def 2021-06-07 v7.00m Hyperref: patches for babel la
nguages
)
(c:/texlive/2021/texmf-dist/tex/generic/intcalc/intcalc.sty
Package: intcalc 2019/12/15 v1.3 Expandable calculations with integers (HO)
)
(c:/texlive/2021/texmf-dist/tex/generic/etexcmds/etexcmds.sty
Package: etexcmds 2019/12/15 v1.7 Avoid name clashes with e-TeX commands (HO)
)
\Hy@SavedSpaceFactor=\count293

(c:/texlive/2021/texmf-dist/tex/latex/hyperref/puenc.def
File: puenc.def 2021-06-07 v7.00m Hyperref: PDF Unicode definition (HO)
Now handling font encoding PU ...
... no UTF-8 mapping file for font encoding PU
)
Package hyperref Info: Option `bookmarks' set `true' on input line 4073.
Package hyperref Info: Option `bookmarksopen' set `true' on input line 4073.
Package hyperref Info: Option `implicit' set `false' on input line 4073.
Package hyperref Info: Hyper figures OFF on input line 4192.
Package hyperref Info: Link nesting OFF on input line 4197.
Package hyperref Info: Hyper index ON on input line 4200.
Package hyperref Info: Plain pages OFF on input line 4207.
Package hyperref Info: Backreferencing OFF on input line 4212.
Package hyperref Info: Implicit mode OFF; no redefinition of LaTeX internals.
Package hyperref Info: Bookmarks ON on input line 4445.
\c@Hy@tempcnt=\count294

(c:/texlive/2021/texmf-dist/tex/latex/url/url.sty
\Urlmuskip=\muskip16
Package: url 2013/09/16  ver 3.4  Verb mode for urls, etc.
)
LaTeX Info: Redefining \url on input line 4804.
\XeTeXLinkMargin=\dimen258

(c:/texlive/2021/texmf-dist/tex/generic/bitset/bitset.sty
Package: bitset 2019/12/09 v1.3 Handle bit-vector datatype (HO)

(c:/texlive/2021/texmf-dist/tex/generic/bigintcalc/bigintcalc.sty
Package: bigintcalc 2019/12/15 v1.5 Expandable calculations on big integers (HO
)
))
\Fld@menulength=\count295
\Field@Width=\dimen259
\Fld@charsize=\dimen260
Package hyperref Info: Hyper figures OFF on input line 6076.
Package hyperref Info: Link nesting OFF on input line 6081.
Package hyperref Info: Hyper index ON on input line 6084.
Package hyperref Info: backreferencing OFF on input line 6091.
Package hyperref Info: Link coloring OFF on input line 6096.
Package hyperref Info: Link coloring with OCG OFF on input line 6101.
Package hyperref Info: PDF/A mode OFF on input line 6106.
LaTeX Info: Redefining \ref on input line 6146.
LaTeX Info: Redefining \pageref on input line 6150.
\Hy@abspage=\count296


Package hyperref Message: Stopped early.

)
Package hyperref Info: Driver (autodetected): hpdftex.
 (c:/texlive/2021/texmf-dist/tex/latex/hyperref/hpdftex.def
File: hpdftex.def 2021-06-07 v7.00m Hyperref driver for pdfTeX

(c:/texlive/2021/texmf-dist/tex/latex/base/atveryend-ltx.sty
Package: atveryend-ltx 2020/08/19 v1.0a Emulation of the original atvery packag
e
with kernel methods
)
\Fld@listcount=\count297
\c@bookmark@seq@number=\count298

(c:/texlive/2021/texmf-dist/tex/latex/rerunfilecheck/rerunfilecheck.sty
Package: rerunfilecheck 2019/12/05 v1.9 Rerun checks for auxiliary files (HO)

(c:/texlive/2021/texmf-dist/tex/generic/uniquecounter/uniquecounter.sty
Package: uniquecounter 2019/12/15 v1.4 Provide unlimited unique counter (HO)
)
Package uniquecounter Info: New unique counter `rerunfilecheck' on input line 2
86.
))
(c:/texlive/2021/texmf-dist/tex/latex/beamer/beamerbaserequires.sty
(c:/texlive/2021/texmf-dist/tex/latex/beamer/beamerbasecompatibility.sty)
(c:/texlive/2021/texmf-dist/tex/latex/beamer/beamerbasefont.sty
(c:/texlive/2021/texmf-dist/tex/latex/amsfonts/amssymb.sty
Package: amssymb 2013/01/14 v3.01 AMS font symbols

(c:/texlive/2021/texmf-dist/tex/latex/amsfonts/amsfonts.sty
Package: amsfonts 2013/01/14 v3.01 Basic AMSFonts support
\@emptytoks=\toks28
\symAMSa=\mathgroup4
\symAMSb=\mathgroup5
LaTeX Font Info:    Redeclaring math symbol \hbar on input line 98.
LaTeX Font Info:    Overwriting math alphabet `\mathfrak' in version `bold'
(Font)                  U/euf/m/n --> U/euf/b/n on input line 106.
))
(c:/texlive/2021/texmf-dist/tex/latex/sansmathaccent/sansmathaccent.sty
Package: sansmathaccent 2020/01/31

(c:/texlive/2021/texmf-dist/tex/latex/koma-script/scrlfile.sty
Package: scrlfile 2021/06/25 v3.34 KOMA-Script package (file load hooks)

(c:/texlive/2021/texmf-dist/tex/latex/koma-script/scrlfile-hook.sty
Package: scrlfile-hook 2021/06/25 v3.34 KOMA-Script package (using LaTeX hooks)


(c:/texlive/2021/texmf-dist/tex/latex/koma-script/scrlogo.sty
Package: scrlogo 2021/06/25 v3.34 KOMA-Script package (logo)
)))))
(c:/texlive/2021/texmf-dist/tex/latex/beamer/beamerbasetranslator.sty
(c:/texlive/2021/texmf-dist/tex/latex/translator/translator.sty
Package: translator 2021-05-31 v1.12d Easy translation of strings in LaTeX
))
(c:/texlive/2021/texmf-dist/tex/latex/beamer/beamerbasemisc.sty)
(c:/texlive/2021/texmf-dist/tex/latex/beamer/beamerbasetwoscreens.sty)
(c:/texlive/2021/texmf-dist/tex/latex/beamer/beamerbaseoverlay.sty
\beamer@argscount=\count299
\beamer@lastskipcover=\skip50
\beamer@trivlistdepth=\count300
)
(c:/texlive/2021/texmf-dist/tex/latex/beamer/beamerbasetitle.sty)
(c:/texlive/2021/texmf-dist/tex/latex/beamer/beamerbasesection.sty
\c@lecture=\count301
\c@part=\count302
\c@section=\count303
\c@subsection=\count304
\c@subsubsection=\count305
)
(c:/texlive/2021/texmf-dist/tex/latex/beamer/beamerbaseframe.sty
\beamer@framebox=\box65
\beamer@frametitlebox=\box66
\beamer@zoombox=\box67
\beamer@zoomcount=\count306
\beamer@zoomframecount=\count307
\beamer@frametextheight=\dimen261
\c@subsectionslide=\count308
\beamer@frametopskip=\skip51
\beamer@framebottomskip=\skip52
\beamer@frametopskipautobreak=\skip53
\beamer@framebottomskipautobreak=\skip54
\beamer@envbody=\toks29
\framewidth=\dimen262
\c@framenumber=\count309
)
(c:/texlive/2021/texmf-dist/tex/latex/beamer/beamerbaseverbatim.sty
\beamer@verbatimfileout=\write4
)
(c:/texlive/2021/texmf-dist/tex/latex/beamer/beamerbaseframesize.sty
\beamer@splitbox=\box68
\beamer@autobreakcount=\count310
\beamer@autobreaklastheight=\dimen263
\beamer@frametitletoks=\toks30
\beamer@framesubtitletoks=\toks31
)
(c:/texlive/2021/texmf-dist/tex/latex/beamer/beamerbaseframecomponents.sty
\beamer@footins=\box69
)
(c:/texlive/2021/texmf-dist/tex/latex/beamer/beamerbasecolor.sty)
(c:/texlive/2021/texmf-dist/tex/latex/beamer/beamerbasenotes.sty
\beamer@frameboxcopy=\box70
)
(c:/texlive/2021/texmf-dist/tex/latex/beamer/beamerbasetoc.sty)
(c:/texlive/2021/texmf-dist/tex/latex/beamer/beamerbasetemplates.sty
\beamer@sbttoks=\toks32

(c:/texlive/2021/texmf-dist/tex/latex/beamer/beamerbaseauxtemplates.sty
(c:/texlive/2021/texmf-dist/tex/latex/beamer/beamerbaseboxes.sty
\bmb@box=\box71
\bmb@colorbox=\box72
\bmb@boxwidth=\dimen264
\bmb@boxheight=\dimen265
\bmb@prevheight=\dimen266
\bmb@temp=\dimen267
\bmb@dima=\dimen268
\bmb@dimb=\dimen269
\bmb@prevheight=\dimen270
)
\beamer@blockheadheight=\dimen271
))
(c:/texlive/2021/texmf-dist/tex/latex/beamer/beamerbaselocalstructure.sty
(c:/texlive/2021/texmf-dist/tex/latex/tools/enumerate.sty
Package: enumerate 2015/07/23 v3.00 enumerate extensions (DPC)
\@enLab=\toks33
)
\beamer@bibiconwidth=\skip55
\c@figure=\count311
\c@table=\count312
\abovecaptionskip=\skip56
\belowcaptionskip=\skip57
)
(c:/texlive/2021/texmf-dist/tex/latex/beamer/beamerbasenavigation.sty
\beamer@section@min@dim=\dimen272
)
(c:/texlive/2021/texmf-dist/tex/latex/beamer/beamerbasetheorems.sty
(c:/texlive/2021/texmf-dist/tex/latex/amsmath/amsmath.sty
Package: amsmath 2021/04/20 v2.17j AMS math features
\@mathmargin=\skip58

For additional information on amsmath, use the `?' option.
(c:/texlive/2021/texmf-dist/tex/latex/amsmath/amstext.sty
Package: amstext 2000/06/29 v2.01 AMS text

(c:/texlive/2021/texmf-dist/tex/latex/amsmath/amsgen.sty
File: amsgen.sty 1999/11/30 v2.0 generic functions
\@emptytoks=\toks34
\ex@=\dimen273
))
(c:/texlive/2021/texmf-dist/tex/latex/amsmath/amsbsy.sty
Package: amsbsy 1999/11/29 v1.2d Bold Symbols
\pmbraise@=\dimen274
)
(c:/texlive/2021/texmf-dist/tex/latex/amsmath/amsopn.sty
Package: amsopn 2016/03/08 v2.02 operator names
)
\inf@bad=\count313
LaTeX Info: Redefining \frac on input line 234.
\uproot@=\count314
\leftroot@=\count315
LaTeX Info: Redefining \overline on input line 399.
\classnum@=\count316
\DOTSCASE@=\count317
LaTeX Info: Redefining \ldots on input line 496.
LaTeX Info: Redefining \dots on input line 499.
LaTeX Info: Redefining \cdots on input line 620.
\Mathstrutbox@=\box73
\strutbox@=\box74
\big@size=\dimen275
LaTeX Font Info:    Redeclaring font encoding OML on input line 743.
LaTeX Font Info:    Redeclaring font encoding OMS on input line 744.
\macc@depth=\count318
\c@MaxMatrixCols=\count319
\dotsspace@=\muskip17
\c@parentequation=\count320
\dspbrk@lvl=\count321
\tag@help=\toks35
\row@=\count322
\column@=\count323
\maxfields@=\count324
\andhelp@=\toks36
\eqnshift@=\dimen276
\alignsep@=\dimen277
\tagshift@=\dimen278
\tagwidth@=\dimen279
\totwidth@=\dimen280
\lineht@=\dimen281
\@envbody=\toks37
\multlinegap=\skip59
\multlinetaggap=\skip60
\mathdisplay@stack=\toks38
LaTeX Info: Redefining \[ on input line 2923.
LaTeX Info: Redefining \] on input line 2924.
)
(c:/texlive/2021/texmf-dist/tex/latex/amscls/amsthm.sty
Package: amsthm 2020/05/29 v2.20.6
\thm@style=\toks39
\thm@bodyfont=\toks40
\thm@headfont=\toks41
\thm@notefont=\toks42
\thm@headpunct=\toks43
\thm@preskip=\skip61
\thm@postskip=\skip62
\thm@headsep=\skip63
\dth@everypar=\toks44
)
\c@theorem=\count325
)
(c:/texlive/2021/texmf-dist/tex/latex/beamer/beamerbasethemes.sty))
(c:/texlive/2021/texmf-dist/tex/latex/beamer/beamerthemedefault.sty
(c:/texlive/2021/texmf-dist/tex/latex/beamer/beamerfontthemedefault.sty)
(c:/texlive/2021/texmf-dist/tex/latex/beamer/beamercolorthemedefault.sty)
(c:/texlive/2021/texmf-dist/tex/latex/beamer/beamerinnerthemedefault.sty
\beamer@dima=\dimen282
\beamer@dimb=\dimen283
)
(c:/texlive/2021/texmf-dist/tex/latex/beamer/beamerouterthemedefault.sty)))
(./beamerthemeSimplePlus.sty
(c:/texlive/2021/texmf-dist/tex/latex/beamer/beamerthemeMadrid.sty
(c:/texlive/2021/texmf-dist/tex/latex/beamer/beamercolorthemewhale.sty)
(c:/texlive/2021/texmf-dist/tex/latex/beamer/beamercolorthemeorchid.sty)
(c:/texlive/2021/texmf-dist/tex/latex/beamer/beamerinnerthemerounded.sty)
(c:/texlive/2021/texmf-dist/tex/latex/beamer/beamerouterthemeinfolines.sty))
(c:/texlive/2021/texmf-dist/tex/latex/beamer/beamerinnerthemecircles.sty)
(./beamerfontthemeSimplePlus.sty) (./beamercolorthemeSimplePlus.sty
(c:/texlive/2021/texmf-dist/tex/latex/beamer/beamercolorthemestructure.sty))
(./beamerinnerthemeSimplePlus.sty))
(c:/texlive/2021/texmf-dist/tex/latex/booktabs/booktabs.sty
Package: booktabs 2020/01/12 v1.61803398 Publication quality tables
\heavyrulewidth=\dimen284
\lightrulewidth=\dimen285
\cmidrulewidth=\dimen286
\belowrulesep=\dimen287
\belowbottomsep=\dimen288
\aboverulesep=\dimen289
\abovetopsep=\dimen290
\cmidrulesep=\dimen291
\cmidrulekern=\dimen292
\defaultaddspace=\dimen293
\@cmidla=\count326
\@cmidlb=\count327
\@aboverulesep=\dimen294
\@belowrulesep=\dimen295
\@thisruleclass=\count328
\@lastruleclass=\count329
\@thisrulewidth=\dimen296
)
(c:/texlive/2021/texmf-dist/tex/latex/siunitx/siunitx.sty
Package: siunitx 2021-10-26 v3.0.34 A comprehensive (SI) units package
\l__siunitx_angle_tmp_dim=\dimen297
\l__siunitx_angle_marker_box=\box75
\l__siunitx_angle_unit_box=\box76
\l__siunitx_compound_count_int=\count330

(c:/texlive/2021/texmf-dist/tex/latex/translations/translations.sty
Package: translations 2021/01/17 v1.10a internationalization of LaTeX2e package
s (CN)
)
\l__siunitx_number_exponent_fixed_int=\count331
\l__siunitx_number_min_decimal_int=\count332
\l__siunitx_number_min_integer_int=\count333
\l__siunitx_number_round_precision_int=\count334
\l__siunitx_number_group_minimum_int=\count335
\l__siunitx_table_tmp_box=\box77
\l__siunitx_table_tmp_dim=\dimen298
\l__siunitx_table_column_width_dim=\dimen299
\l__siunitx_table_integer_box=\box78
\l__siunitx_table_decimal_box=\box79
\l__siunitx_table_before_box=\box80
\l__siunitx_table_after_box=\box81
\l__siunitx_table_before_dim=\dimen300
\l__siunitx_table_carry_dim=\dimen301
\l__siunitx_unit_tmp_int=\count336
\l__siunitx_unit_position_int=\count337
\l__siunitx_unit_total_int=\count338

(c:/texlive/2021/texmf-dist/tex/latex/l3packages/l3keys2e/l3keys2e.sty
(c:/texlive/2021/texmf-dist/tex/latex/l3kernel/expl3.sty
Package: expl3 2021-10-18 L3 programming layer (loader) 

(c:/texlive/2021/texmf-dist/tex/latex/l3backend/l3backend-pdftex.def
File: l3backend-pdftex.def 2021-10-18 L3 backend support: PDF output (pdfTeX)
\l__color_backend_stack_int=\count339
\l__pdf_internal_box=\box82
))
Package: l3keys2e 2021-08-27 LaTeX2e option processing using LaTeX3 keys
)
(c:/texlive/2021/texmf-dist/tex/latex/tools/array.sty
Package: array 2021/04/20 v2.5e Tabular extension package (FMi)
\col@sep=\dimen302
\ar@mcellbox=\box83
\extrarowheight=\dimen303
\NC@list=\toks45
\extratabsurround=\skip64
\backup@length=\skip65
\ar@cellbox=\box84
))
(c:/texlive/2021/texmf-dist/tex/latex/import/import.sty
Package: import 2020/04/01  v 6.2
)
(c:/texlive/2021/texmf-dist/tex/latex/stmaryrd/stmaryrd.sty
Package: stmaryrd 1994/03/03 St Mary's Road symbol package
\symstmry=\mathgroup6
LaTeX Font Info:    Overwriting symbol font `stmry' in version `bold'
(Font)                  U/stmry/m/n --> U/stmry/b/n on input line 89.
)
(c:/texlive/2021/texmf-dist/tex/latex/wasysym/wasysym.sty
Package: wasysym 2020/01/19 v2.4 Wasy-2 symbol support package
\symwasy=\mathgroup7
LaTeX Font Info:    Overwriting symbol font `wasy' in version `bold'
(Font)                  U/wasy/m/n --> U/wasy/b/n on input line 93.
LaTeX Font Info:    Redeclaring math symbol \ocircle on input line 243.
)
(c:/texlive/2021/texmf-dist/tex/latex/cancel/cancel.sty
Package: cancel 2013/04/12 v2.2 Cancel math terms
)
(c:/texlive/2021/texmf-dist/tex/latex/base/textcomp.sty
Package: textcomp 2020/02/02 v2.0n Standard LaTeX package
)
(c:/texlive/2021/texmf-dist/tex/latex/caption/subcaption.sty
Package: subcaption 2020/10/07 v1.3j Sub-captions (AR)

(c:/texlive/2021/texmf-dist/tex/latex/caption/caption.sty
Package: caption 2020/10/26 v3.5g Customizing captions (AR)

(c:/texlive/2021/texmf-dist/tex/latex/caption/caption3.sty
Package: caption3 2020/10/21 v2.2e caption3 kernel (AR)
\captionmargin=\dimen304
\captionmargin@=\dimen305
\captionwidth=\dimen306
\caption@tempdima=\dimen307
\caption@indent=\dimen308
\caption@parindent=\dimen309
\caption@hangindent=\dimen310
Package caption Info: beamer document class detected.

(c:/texlive/2021/texmf-dist/tex/latex/caption/caption-beamer.sto
File: caption-beamer.sto 2020/08/22 v2.0 Adaption of the caption package to the
 beamer document classes (AR)
))
\c@caption@flags=\count340
\c@continuedfloat=\count341
Package caption Info: hyperref package is loaded.
Package caption Info: Hyperref support is turned off
(caption)             because hyperref has stopped early.
)
\c@subfigure=\count342
\c@subtable=\count343
)
(c:/texlive/2021/texmf-dist/tex/latex/listings/listings.sty
\lst@mode=\count344
\lst@gtempboxa=\box85
\lst@token=\toks46
\lst@length=\count345
\lst@currlwidth=\dimen311
\lst@column=\count346
\lst@pos=\count347
\lst@lostspace=\dimen312
\lst@width=\dimen313
\lst@newlines=\count348
\lst@lineno=\count349
\lst@maxwidth=\dimen314

(c:/texlive/2021/texmf-dist/tex/latex/listings/lstmisc.sty
File: lstmisc.sty 2020/03/24 1.8d (Carsten Heinz)
\c@lstnumber=\count350
\lst@skipnumbers=\count351
\lst@framebox=\box86
)
(c:/texlive/2021/texmf-dist/tex/latex/listings/listings.cfg
File: listings.cfg 2020/03/24 1.8d listings configuration
))
Package: listings 2020/03/24 1.8d (Carsten Heinz)
Package translations Info: No language package found. I am going to use `englis
h' as default language. on input line 87.
 (./my_beamer.aux)
\openout1 = `my_beamer.aux'.

LaTeX Font Info:    Checking defaults for OML/cmm/m/it on input line 87.
LaTeX Font Info:    ... okay on input line 87.
LaTeX Font Info:    Checking defaults for OMS/cmsy/m/n on input line 87.
LaTeX Font Info:    ... okay on input line 87.
LaTeX Font Info:    Checking defaults for OT1/cmr/m/n on input line 87.
LaTeX Font Info:    ... okay on input line 87.
LaTeX Font Info:    Checking defaults for T1/cmr/m/n on input line 87.
LaTeX Font Info:    ... okay on input line 87.
LaTeX Font Info:    Checking defaults for TS1/cmr/m/n on input line 87.
LaTeX Font Info:    ... okay on input line 87.
LaTeX Font Info:    Checking defaults for OMX/cmex/m/n on input line 87.
LaTeX Font Info:    ... okay on input line 87.
LaTeX Font Info:    Checking defaults for U/cmr/m/n on input line 87.
LaTeX Font Info:    ... okay on input line 87.
LaTeX Font Info:    Checking defaults for PD1/pdf/m/n on input line 87.
LaTeX Font Info:    ... okay on input line 87.
LaTeX Font Info:    Checking defaults for PU/pdf/m/n on input line 87.
LaTeX Font Info:    ... okay on input line 87.
*geometry* driver: auto-detecting
*geometry* detected driver: pdftex
*geometry* verbose mode - [ preamble ] result:
* driver: pdftex
* paper: custom
* layout: <same size as paper>
* layoutoffset:(h,v)=(0.0pt,0.0pt)
* modes: includehead includefoot 
* h-part:(L,W,R)=(21.90005pt, 411.44397pt, 21.90005pt)
* v-part:(T,H,B)=(0.0pt, 256.0748pt, 0.0pt)
* \paperwidth=455.24408pt
* \paperheight=256.0748pt
* \textwidth=411.44397pt
* \textheight=227.62207pt
* \oddsidemargin=-50.36993pt
* \evensidemargin=-50.36993pt
* \topmargin=-72.26999pt
* \headheight=14.22636pt
* \headsep=0.0pt
* \topskip=11.0pt
* \footskip=14.22636pt
* \marginparwidth=4.0pt
* \marginparsep=10.0pt
* \columnsep=10.0pt
* \skip\footins=10.0pt plus 4.0pt minus 2.0pt
* \hoffset=0.0pt
* \voffset=0.0pt
* \mag=1000
* \@twocolumnfalse
* \@twosidefalse
* \@mparswitchfalse
* \@reversemarginfalse
* (1in=72.27pt=25.4mm, 1cm=28.453pt)

(c:/texlive/2021/texmf-dist/tex/context/base/mkii/supp-pdf.mkii
[Loading MPS to PDF converter (version 2006.09.02).]
\scratchcounter=\count352
\scratchdimen=\dimen315
\scratchbox=\box87
\nofMPsegments=\count353
\nofMParguments=\count354
\everyMPshowfont=\toks47
\MPscratchCnt=\count355
\MPscratchDim=\dimen316
\MPnumerator=\count356
\makeMPintoPDFobject=\count357
\everyMPtoPDFconversion=\toks48
) (c:/texlive/2021/texmf-dist/tex/latex/epstopdf-pkg/epstopdf-base.sty
Package: epstopdf-base 2020-01-24 v2.11 Base part for package epstopdf
Package epstopdf-base Info: Redefining graphics rule for `.eps' on input line 4
85.

(c:/texlive/2021/texmf-dist/tex/latex/latexconfig/epstopdf-sys.cfg
File: epstopdf-sys.cfg 2010/07/13 v1.3 Configuration of (r)epstopdf for TeX Liv
e
))
Package hyperref Info: Link coloring OFF on input line 87.

(c:/texlive/2021/texmf-dist/tex/latex/hyperref/nameref.sty
Package: nameref 2021-04-02 v2.47 Cross-referencing by name of section

(c:/texlive/2021/texmf-dist/tex/latex/refcount/refcount.sty
Package: refcount 2019/12/15 v3.6 Data extraction from label references (HO)
)
(c:/texlive/2021/texmf-dist/tex/generic/gettitlestring/gettitlestring.sty
Package: gettitlestring 2019/12/15 v1.6 Cleanup title references (HO)
)
\c@section@level=\count358
)
LaTeX Info: Redefining \ref on input line 87.
LaTeX Info: Redefining \pageref on input line 87.
LaTeX Info: Redefining \nameref on input line 87.

(./my_beamer.out) (./my_beamer.out)
\@outlinefile=\write5
\openout5 = `my_beamer.out'.

LaTeX Font Info:    Overwriting symbol font `operators' in version `normal'
(Font)                  OT1/cmr/m/n --> OT1/cmss/m/n on input line 87.
LaTeX Font Info:    Overwriting symbol font `operators' in version `bold'
(Font)                  OT1/cmr/bx/n --> OT1/cmss/b/n on input line 87.
\symnumbers=\mathgroup8
\sympureletters=\mathgroup9
LaTeX Font Info:    Overwriting math alphabet `\mathrm' in version `normal'
(Font)                  OT1/cmss/m/n --> OT1/cmr/m/n on input line 87.
LaTeX Font Info:    Redeclaring math alphabet \mathbf on input line 87.
LaTeX Font Info:    Overwriting math alphabet `\mathbf' in version `normal'
(Font)                  OT1/cmr/bx/n --> OT1/cmss/b/n on input line 87.
LaTeX Font Info:    Overwriting math alphabet `\mathbf' in version `bold'
(Font)                  OT1/cmr/bx/n --> OT1/cmss/b/n on input line 87.
LaTeX Font Info:    Redeclaring math alphabet \mathsf on input line 87.
LaTeX Font Info:    Overwriting math alphabet `\mathsf' in version `normal'
(Font)                  OT1/cmss/m/n --> OT1/cmss/m/n on input line 87.
LaTeX Font Info:    Overwriting math alphabet `\mathsf' in version `bold'
(Font)                  OT1/cmss/bx/n --> OT1/cmss/m/n on input line 87.
LaTeX Font Info:    Redeclaring math alphabet \mathit on input line 87.
LaTeX Font Info:    Overwriting math alphabet `\mathit' in version `normal'
(Font)                  OT1/cmr/m/it --> OT1/cmss/m/it on input line 87.
LaTeX Font Info:    Overwriting math alphabet `\mathit' in version `bold'
(Font)                  OT1/cmr/bx/it --> OT1/cmss/m/it on input line 87.
LaTeX Font Info:    Redeclaring math alphabet \mathtt on input line 87.
LaTeX Font Info:    Overwriting math alphabet `\mathtt' in version `normal'
(Font)                  OT1/cmtt/m/n --> OT1/cmtt/m/n on input line 87.
LaTeX Font Info:    Overwriting math alphabet `\mathtt' in version `bold'
(Font)                  OT1/cmtt/m/n --> OT1/cmtt/m/n on input line 87.
LaTeX Font Info:    Overwriting symbol font `numbers' in version `bold'
(Font)                  OT1/cmss/m/n --> OT1/cmss/b/n on input line 87.
LaTeX Font Info:    Overwriting symbol font `pureletters' in version `bold'
(Font)                  OT1/cmss/m/it --> OT1/cmss/b/it on input line 87.
LaTeX Font Info:    Overwriting math alphabet `\mathrm' in version `bold'
(Font)                  OT1/cmss/b/n --> OT1/cmr/b/n on input line 87.
LaTeX Font Info:    Overwriting math alphabet `\mathbf' in version `bold'
(Font)                  OT1/cmss/b/n --> OT1/cmss/b/n on input line 87.
LaTeX Font Info:    Overwriting math alphabet `\mathsf' in version `bold'
(Font)                  OT1/cmss/m/n --> OT1/cmss/b/n on input line 87.
LaTeX Font Info:    Overwriting math alphabet `\mathit' in version `bold'
(Font)                  OT1/cmss/m/it --> OT1/cmss/b/it on input line 87.
LaTeX Font Info:    Overwriting math alphabet `\mathtt' in version `bold'
(Font)                  OT1/cmtt/m/n --> OT1/cmtt/b/n on input line 87.
LaTeX Font Info:    Redeclaring symbol font `pureletters' on input line 87.
LaTeX Font Info:    Overwriting symbol font `pureletters' in version `normal'
(Font)                  OT1/cmss/m/it --> OT1/mathkerncmss/m/sl on input line 8
7.
LaTeX Font Info:    Overwriting symbol font `pureletters' in version `bold'
(Font)                  OT1/cmss/b/it --> OT1/mathkerncmss/m/sl on input line 8
7.
LaTeX Font Info:    Overwriting symbol font `pureletters' in version `bold'
(Font)                  OT1/mathkerncmss/m/sl --> OT1/mathkerncmss/bx/sl on inp
ut line 87.

(c:/texlive/2021/texmf-dist/tex/latex/translator/translator-basic-dictionary-En
glish.dict
Dictionary: translator-basic-dictionary, Language: English 
)
(c:/texlive/2021/texmf-dist/tex/latex/translator/translator-bibliography-dictio
nary-English.dict
Dictionary: translator-bibliography-dictionary, Language: English 
)
(c:/texlive/2021/texmf-dist/tex/latex/translator/translator-environment-diction
ary-English.dict
Dictionary: translator-environment-dictionary, Language: English 
)
(c:/texlive/2021/texmf-dist/tex/latex/translator/translator-months-dictionary-E
nglish.dict
Dictionary: translator-months-dictionary, Language: English 
)
(c:/texlive/2021/texmf-dist/tex/latex/translator/translator-numbers-dictionary-
English.dict
Dictionary: translator-numbers-dictionary, Language: English 
)
(c:/texlive/2021/texmf-dist/tex/latex/translator/translator-theorem-dictionary-
English.dict
Dictionary: translator-theorem-dictionary, Language: English 
)
(c:/texlive/2021/texmf-dist/tex/latex/translations/translations-basic-dictionar
y-english.trsl
File: translations-basic-dictionary-english.trsl (english translation file `tra
nslations-basic-dictionary')
)
Package translations Info: loading dictionary `translations-basic-dictionary' f
or `english'. on input line 87.
Package caption Info: Begin \AtBeginDocument code.
Package caption Info: listings package is loaded.
Package caption Info: End \AtBeginDocument code.
\c@lstlisting=\count359
 (./my_beamer.nav)
Overfull \vbox (5.24042pt too high) detected at line 92
 []

[1

{c:/texlive/2021/texmf-var/fonts/map/pdftex/updmap/pdftex.map}]
LaTeX Font Info:    Trying to load font information for U+msa on input line 128
.

(c:/texlive/2021/texmf-dist/tex/latex/amsfonts/umsa.fd
File: umsa.fd 2013/01/14 v3.01 AMS symbols A
)
LaTeX Font Info:    Trying to load font information for U+msb on input line 128
.

(c:/texlive/2021/texmf-dist/tex/latex/amsfonts/umsb.fd
File: umsb.fd 2013/01/14 v3.01 AMS symbols B
)
LaTeX Font Info:    Trying to load font information for U+stmry on input line 1
28.

(c:/texlive/2021/texmf-dist/tex/latex/stmaryrd/Ustmry.fd)
LaTeX Font Info:    Trying to load font information for U+wasy on input line 12
8.

(c:/texlive/2021/texmf-dist/tex/latex/wasysym/uwasy.fd
File: uwasy.fd 2020/01/19 v2.4 Wasy-2 symbol font definitions
)
LaTeX Font Info:    Trying to load font information for OT1+mathkerncmss on inp
ut line 128.

(c:/texlive/2021/texmf-dist/tex/latex/sansmathaccent/ot1mathkerncmss.fd
File: ot1mathkerncmss.fd 2020/01/31 Fontinst v1.933 font definitions for OT1/ma
thkerncmss.
)
Underfull \hbox (badness 10000) in paragraph at lines 128--128

 []


Underfull \hbox (badness 10000) in paragraph at lines 128--128

 []

(./figures//p.pdf_tex
<figures//p.pdf, id=28, page=1, 375.72873pt x 546.46664pt>
File: figures//p.pdf Graphic file (type pdf)
<use figures//p.pdf, page 1>
Package pdftex.def Info: figures//p.pdf , page1 used on input line 56.
(pdftex.def)             Requested size: 144.00789pt x 209.45222pt.
<figures//p.pdf, id=29, page=2, 375.72873pt x 546.46664pt>
File: figures//p.pdf Graphic file (type pdf)
<use figures//p.pdf, page 2>
Package pdftex.def Info: figures//p.pdf , page2 used on input line 59.
(pdftex.def)             Requested size: 144.00789pt x 209.45222pt.
<figures//p.pdf, id=30, page=3, 375.72873pt x 546.46664pt>
File: figures//p.pdf Graphic file (type pdf)
<use figures//p.pdf, page 3>
Package pdftex.def Info: figures//p.pdf , page3 used on input line 61.
(pdftex.def)             Requested size: 144.00789pt x 209.45222pt.
<figures//p.pdf, id=31, page=4, 375.72873pt x 546.46664pt>
File: figures//p.pdf Graphic file (type pdf)
<use figures//p.pdf, page 4>
Package pdftex.def Info: figures//p.pdf , page4 used on input line 63.
(pdftex.def)             Requested size: 144.00789pt x 209.45222pt.
<figures//p.pdf, id=32, page=5, 375.72873pt x 546.46664pt>
File: figures//p.pdf Graphic file (type pdf)
<use figures//p.pdf, page 5>
Package pdftex.def Info: figures//p.pdf , page5 used on input line 65.
(pdftex.def)             Requested size: 144.00789pt x 209.45222pt.
<figures//p.pdf, id=33, page=6, 375.72873pt x 546.46664pt>
File: figures//p.pdf Graphic file (type pdf)
<use figures//p.pdf, page 6>
Package pdftex.def Info: figures//p.pdf , page6 used on input line 67.
(pdftex.def)             Requested size: 144.00789pt x 209.45222pt.
)
Overfull \vbox (4.11086pt too high) detected at line 128
 []

[2

 <./figures//p.pdf> <./figures//p.pdf

pdfTeX warning: pdflatex.exe (file ./figures//p.pdf): PDF inclusion: multiple p
dfs with page group included in a single page
> <./figures//p.pdf

pdfTeX warning: pdflatex.exe (file ./figures//p.pdf): PDF inclusion: multiple p
dfs with page group included in a single page
> <./figures//p.pdf

pdfTeX warning: pdflatex.exe (file ./figures//p.pdf): PDF inclusion: multiple p
dfs with page group included in a single page
> <./figures//p.pdf

pdfTeX warning: pdflatex.exe (file ./figures//p.pdf): PDF inclusion: multiple p
dfs with page group included in a single page
> <./figures//p.pdf

pdfTeX warning: pdflatex.exe (file ./figures//p.pdf): PDF inclusion: multiple p
dfs with page group included in a single page
>]
\openout4 = `my_beamer.vrb'.

 (./my_beamer.vrb (./figures//CNN.pdf_tex
<figures//CNN.pdf, id=48, page=1, 1092.8681pt x 331.23584pt>
File: figures//CNN.pdf Graphic file (type pdf)
<use figures//CNN.pdf, page 1>
Package pdftex.def Info: figures//CNN.pdf , page1 used on input line 56.
(pdftex.def)             Requested size: 411.44397pt x 124.70338pt.
<figures//CNN.pdf, id=49, page=2, 1092.8681pt x 331.23584pt>
File: figures//CNN.pdf Graphic file (type pdf)
<use figures//CNN.pdf, page 2>
Package pdftex.def Info: figures//CNN.pdf , page2 used on input line 59.
(pdftex.def)             Requested size: 411.44397pt x 124.70338pt.
<figures//CNN.pdf, id=50, page=3, 1092.8681pt x 331.23584pt>
File: figures//CNN.pdf Graphic file (type pdf)
<use figures//CNN.pdf, page 3>
Package pdftex.def Info: figures//CNN.pdf , page3 used on input line 62.
(pdftex.def)             Requested size: 411.44397pt x 124.70338pt.
)
LaTeX Font Info:    Trying to load font information for OMS+cmtt on input line 
12.
LaTeX Font Info:    No file OMScmtt.fd. on input line 12.


LaTeX Font Warning: Font shape `OMS/cmtt/m/n' undefined
(Font)              using `OMS/cmsy/m/n' instead
(Font)              for symbol `textbraceleft' on input line 12.

(c:/texlive/2021/texmf-dist/tex/latex/listings/lstlang1.sty
File: lstlang1.sty 2020/03/24 1.8d listings language file
)
LaTeX Font Info:    Trying to load font information for OMS+cmss on input line 
19.
LaTeX Font Info:    No file OMScmss.fd. on input line 19.


LaTeX Font Warning: Font shape `OMS/cmss/m/n' undefined
(Font)              using `OMS/cmsy/m/n' instead
(Font)              for symbol `textbackslash' on input line 19.

) [3

 <./figures//CNN.pdf> <./figures//CNN.pdf

pdfTeX warning: pdflatex.exe (file ./figures//CNN.pdf): PDF inclusion: multiple
 pdfs with page group included in a single page
> <./figures//CNN.pdf

pdfTeX warning: pdflatex.exe (file ./figures//CNN.pdf): PDF inclusion: multiple
 pdfs with page group included in a single page
>] (./figures//datastore.pdf_tex
<figures//datastore.pdf, id=75, page=1, 464.48834pt x 155.53983pt>
File: figures//datastore.pdf Graphic file (type pdf)
<use figures//datastore.pdf, page 1>
Package pdftex.def Info: figures//datastore.pdf , page1 used on input line 56.
(pdftex.def)             Requested size: 246.86888pt x 82.66591pt.
<figures//datastore.pdf, id=76, page=2, 464.48834pt x 155.53983pt>
File: figures//datastore.pdf Graphic file (type pdf)
<use figures//datastore.pdf, page 2>
Package pdftex.def Info: figures//datastore.pdf , page2 used on input line 61.
(pdftex.def)             Requested size: 246.86888pt x 82.66591pt.
) (./figures//pximds.pdf_tex
<figures//pximds.pdf, id=77, page=1, 252.25594pt x 171.58469pt>
File: figures//pximds.pdf Graphic file (type pdf)
<use figures//pximds.pdf, page 1>
Package pdftex.def Info: figures//pximds.pdf , page1 used on input line 56.
(pdftex.def)             Requested size: 123.43443pt x 83.95941pt.
<figures//pximds.pdf, id=78, page=2, 252.25594pt x 171.58469pt>
File: figures//pximds.pdf Graphic file (type pdf)
<use figures//pximds.pdf, page 2>
Package pdftex.def Info: figures//pximds.pdf , page2 used on input line 65.
(pdftex.def)             Requested size: 123.43443pt x 83.95941pt.
)
(./figures//diagram.pdf_tex
<figures//diagram.pdf, id=79, page=1, 776.37544pt x 222.61185pt>
File: figures//diagram.pdf Graphic file (type pdf)
<use figures//diagram.pdf, page 1>
Package pdftex.def Info: figures//diagram.pdf , page1 used on input line 56.
(pdftex.def)             Requested size: 411.44397pt x 117.97691pt.
<figures//diagram.pdf, id=80, page=2, 776.37544pt x 222.61185pt>
File: figures//diagram.pdf Graphic file (type pdf)
<use figures//diagram.pdf, page 2>
Package pdftex.def Info: figures//diagram.pdf , page2 used on input line 58.
(pdftex.def)             Requested size: 411.44397pt x 117.97691pt.
<figures//diagram.pdf, id=81, page=3, 776.37544pt x 222.61185pt>
File: figures//diagram.pdf Graphic file (type pdf)
<use figures//diagram.pdf, page 3>
Package pdftex.def Info: figures//diagram.pdf , page3 used on input line 60.
(pdftex.def)             Requested size: 411.44397pt x 117.97691pt.
<figures//diagram.pdf, id=82, page=4, 776.37544pt x 222.61185pt>
File: figures//diagram.pdf Graphic file (type pdf)
<use figures//diagram.pdf, page 4>
Package pdftex.def Info: figures//diagram.pdf , page4 used on input line 62.
(pdftex.def)             Requested size: 411.44397pt x 117.97691pt.
<figures//diagram.pdf, id=83, page=5, 776.37544pt x 222.61185pt>
File: figures//diagram.pdf Graphic file (type pdf)
<use figures//diagram.pdf, page 5>
Package pdftex.def Info: figures//diagram.pdf , page5 used on input line 64.
(pdftex.def)             Requested size: 411.44397pt x 117.97691pt.
<figures//diagram.pdf, id=84, page=6, 776.37544pt x 222.61185pt>
File: figures//diagram.pdf Graphic file (type pdf)
<use figures//diagram.pdf, page 6>
Package pdftex.def Info: figures//diagram.pdf , page6 used on input line 66.
(pdftex.def)             Requested size: 411.44397pt x 117.97691pt.
<figures//diagram.pdf, id=85, page=7, 776.37544pt x 222.61185pt>
File: figures//diagram.pdf Graphic file (type pdf)
<use figures//diagram.pdf, page 7>
Package pdftex.def Info: figures//diagram.pdf , page7 used on input line 68.
(pdftex.def)             Requested size: 411.44397pt x 117.97691pt.
<figures//diagram.pdf, id=86, page=8, 776.37544pt x 222.61185pt>
File: figures//diagram.pdf Graphic file (type pdf)
<use figures//diagram.pdf, page 8>
Package pdftex.def Info: figures//diagram.pdf , page8 used on input line 70.
(pdftex.def)             Requested size: 411.44397pt x 117.97691pt.
<figures//diagram.pdf, id=87, page=9, 776.37544pt x 222.61185pt>
File: figures//diagram.pdf Graphic file (type pdf)
<use figures//diagram.pdf, page 9>
Package pdftex.def Info: figures//diagram.pdf , page9 used on input line 72.
(pdftex.def)             Requested size: 411.44397pt x 117.97691pt.
<figures//diagram.pdf, id=88, page=10, 776.37544pt x 222.61185pt>
File: figures//diagram.pdf Graphic file (type pdf)
<use figures//diagram.pdf, page 10>
Package pdftex.def Info: figures//diagram.pdf , page10 used on input line 74.
(pdftex.def)             Requested size: 411.44397pt x 117.97691pt.
<figures//diagram.pdf, id=89, page=11, 776.37544pt x 222.61185pt>
File: figures//diagram.pdf Graphic file (type pdf)
<use figures//diagram.pdf, page 11>
Package pdftex.def Info: figures//diagram.pdf , page11 used on input line 76.
(pdftex.def)             Requested size: 411.44397pt x 117.97691pt.
<figures//diagram.pdf, id=90, page=12, 776.37544pt x 222.61185pt>
File: figures//diagram.pdf Graphic file (type pdf)
<use figures//diagram.pdf, page 12>
Package pdftex.def Info: figures//diagram.pdf , page12 used on input line 78.
(pdftex.def)             Requested size: 411.44397pt x 117.97691pt.
<figures//diagram.pdf, id=91, page=13, 776.37544pt x 222.61185pt>
File: figures//diagram.pdf Graphic file (type pdf)
<use figures//diagram.pdf, page 13>
Package pdftex.def Info: figures//diagram.pdf , page13 used on input line 80.
(pdftex.def)             Requested size: 411.44397pt x 117.97691pt.
<figures//diagram.pdf, id=92, page=14, 776.37544pt x 222.61185pt>
File: figures//diagram.pdf Graphic file (type pdf)
<use figures//diagram.pdf, page 14>
Package pdftex.def Info: figures//diagram.pdf , page14 used on input line 82.
(pdftex.def)             Requested size: 411.44397pt x 117.97691pt.
<figures//diagram.pdf, id=93, page=15, 776.37544pt x 222.61185pt>
File: figures//diagram.pdf Graphic file (type pdf)
<use figures//diagram.pdf, page 15>
Package pdftex.def Info: figures//diagram.pdf , page15 used on input line 84.
(pdftex.def)             Requested size: 411.44397pt x 117.97691pt.
<figures//diagram.pdf, id=94, page=16, 776.37544pt x 222.61185pt>
File: figures//diagram.pdf Graphic file (type pdf)
<use figures//diagram.pdf, page 16>
Package pdftex.def Info: figures//diagram.pdf , page16 used on input line 86.
(pdftex.def)             Requested size: 411.44397pt x 117.97691pt.
<figures//diagram.pdf, id=95, page=17, 776.37544pt x 222.61185pt>
File: figures//diagram.pdf Graphic file (type pdf)
<use figures//diagram.pdf, page 17>
Package pdftex.def Info: figures//diagram.pdf , page17 used on input line 88.
(pdftex.def)             Requested size: 411.44397pt x 117.97691pt.
<figures//diagram.pdf, id=96, page=18, 776.37544pt x 222.61185pt>
File: figures//diagram.pdf Graphic file (type pdf)
<use figures//diagram.pdf, page 18>
Package pdftex.def Info: figures//diagram.pdf , page18 used on input line 90.
(pdftex.def)             Requested size: 411.44397pt x 117.97691pt.
<figures//diagram.pdf, id=97, page=19, 776.37544pt x 222.61185pt>
File: figures//diagram.pdf Graphic file (type pdf)
<use figures//diagram.pdf, page 19>
Package pdftex.def Info: figures//diagram.pdf , page19 used on input line 92.
(pdftex.def)             Requested size: 411.44397pt x 117.97691pt.
)
Overfull \vbox (5.59596pt too high) detected at line 183
 []

[4

 <./figures//datastore.pdf> <./figures//datastore.pdf

pdfTeX warning: pdflatex.exe (file ./figures//datastore.pdf): PDF inclusion: mu
ltiple pdfs with page group included in a single page
> <./figures//pximds.pdf

pdfTeX warning: pdflatex.exe (file ./figures//pximds.pdf): PDF inclusion: multi
ple pdfs with page group included in a single page
> <./figures//pximds.pdf

pdfTeX warning: pdflatex.exe (file ./figures//pximds.pdf): PDF inclusion: multi
ple pdfs with page group included in a single page
> <./figures//diagram.pdf

pdfTeX warning: pdflatex.exe (file ./figures//diagram.pdf): PDF inclusion: mult
iple pdfs with page group included in a single page
> <./figures//diagram.pdf

pdfTeX warning: pdflatex.exe (file ./figures//diagram.pdf): PDF inclusion: mult
iple pdfs with page group included in a single page
> <./figures//diagram.pdf

pdfTeX warning: pdflatex.exe (file ./figures//diagram.pdf): PDF inclusion: mult
iple pdfs with page group included in a single page
> <./figures//diagram.pdf

pdfTeX warning: pdflatex.exe (file ./figures//diagram.pdf): PDF inclusion: mult
iple pdfs with page group included in a single page
> <./figures//diagram.pdf

pdfTeX warning: pdflatex.exe (file ./figures//diagram.pdf): PDF inclusion: mult
iple pdfs with page group included in a single page
> <./figures//diagram.pdf

pdfTeX warning: pdflatex.exe (file ./figures//diagram.pdf): PDF inclusion: mult
iple pdfs with page group included in a single page
> <./figures//diagram.pdf

pdfTeX warning: pdflatex.exe (file ./figures//diagram.pdf): PDF inclusion: mult
iple pdfs with page group included in a single page
> <./figures//diagram.pdf

pdfTeX warning: pdflatex.exe (file ./figures//diagram.pdf): PDF inclusion: mult
iple pdfs with page group included in a single page
> <./figures//diagram.pdf

pdfTeX warning: pdflatex.exe (file ./figures//diagram.pdf): PDF inclusion: mult
iple pdfs with page group included in a single page
> <./figures//diagram.pdf

pdfTeX warning: pdflatex.exe (file ./figures//diagram.pdf): PDF inclusion: mult
iple pdfs with page group included in a single page
> <./figures//diagram.pdf

pdfTeX warning: pdflatex.exe (file ./figures//diagram.pdf): PDF inclusion: mult
iple pdfs with page group included in a single page
> <./figures//diagram.pdf

pdfTeX warning: pdflatex.exe (file ./figures//diagram.pdf): PDF inclusion: mult
iple pdfs with page group included in a single page
> <./figures//diagram.pdf

pdfTeX warning: pdflatex.exe (file ./figures//diagram.pdf): PDF inclusion: mult
iple pdfs with page group included in a single page
> <./figures//diagram.pdf

pdfTeX warning: pdflatex.exe (file ./figures//diagram.pdf): PDF inclusion: mult
iple pdfs with page group included in a single page
> <./figures//diagram.pdf

pdfTeX warning: pdflatex.exe (file ./figures//diagram.pdf): PDF inclusion: mult
iple pdfs with page group included in a single page
> <./figures//diagram.pdf

pdfTeX warning: pdflatex.exe (file ./figures//diagram.pdf): PDF inclusion: mult
iple pdfs with page group included in a single page
> <./figures//diagram.pdf

pdfTeX warning: pdflatex.exe (file ./figures//diagram.pdf): PDF inclusion: mult
iple pdfs with page group included in a single page
> <./figures//diagram.pdf

pdfTeX warning: pdflatex.exe (file ./figures//diagram.pdf): PDF inclusion: mult
iple pdfs with page group included in a single page
> <./figures//diagram.pdf

pdfTeX warning: pdflatex.exe (file ./figures//diagram.pdf): PDF inclusion: mult
iple pdfs with page group included in a single page
>]
\openout4 = `my_beamer.vrb'.

 (./my_beamer.vrb
LaTeX Font Info:    Trying to load font information for TS1+cmss on input line 
15.
 (c:/texlive/2021/texmf-dist/tex/latex/base/ts1cmss.fd
File: ts1cmss.fd 2019/12/16 v2.5j Standard LaTeX font definitions
)
(./figures//class.pdf_tex
<figures//class.pdf, id=146, page=1, 414.73683pt x 166.19975pt>
File: figures//class.pdf Graphic file (type pdf)
<use figures//class.pdf, page 1>
Package pdftex.def Info: figures//class.pdf , page1 used on input line 56.
(pdftex.def)             Requested size: 172.80746pt x 69.24803pt.
<figures//class.pdf, id=147, page=2, 414.73683pt x 166.19975pt>
File: figures//class.pdf Graphic file (type pdf)
<use figures//class.pdf, page 2>
Package pdftex.def Info: figures//class.pdf , page2 used on input line 58.
(pdftex.def)             Requested size: 172.80746pt x 69.24803pt.
)
LaTeX Font Info:    Calculating math sizes for size <3> on input line 26.


LaTeX Font Warning: Font shape `OT1/cmss/m/n' in size <2.09999> not available
(Font)              size <3> substituted on input line 26.


LaTeX Font Warning: Font shape `OT1/cmss/m/n' in size <1.5> not available
(Font)              size <3> substituted on input line 26.


LaTeX Font Warning: Font shape `OML/cmm/m/it' in size <3> not available
(Font)              size <5> substituted on input line 26.


LaTeX Font Warning: Font shape `OML/cmm/m/it' in size <2.09999> not available
(Font)              size <5> substituted on input line 26.


LaTeX Font Warning: Font shape `OML/cmm/m/it' in size <1.5> not available
(Font)              size <5> substituted on input line 26.


LaTeX Font Warning: Font shape `OMS/cmsy/m/n' in size <3> not available
(Font)              size <5> substituted on input line 26.


LaTeX Font Warning: Font shape `OMS/cmsy/m/n' in size <2.09999> not available
(Font)              size <5> substituted on input line 26.


LaTeX Font Warning: Font shape `OMS/cmsy/m/n' in size <1.5> not available
(Font)              size <5> substituted on input line 26.


LaTeX Font Warning: Font shape `U/stmry/m/n' in size <3> not available
(Font)              size <5> substituted on input line 26.


LaTeX Font Warning: Font shape `U/stmry/m/n' in size <2.09999> not available
(Font)              size <5> substituted on input line 26.


LaTeX Font Warning: Font shape `U/stmry/m/n' in size <1.5> not available
(Font)              size <5> substituted on input line 26.


LaTeX Font Warning: Font shape `U/wasy/m/n' in size <3> not available
(Font)              size <5> substituted on input line 26.


LaTeX Font Warning: Font shape `U/wasy/m/n' in size <2.09999> not available
(Font)              size <5> substituted on input line 26.


LaTeX Font Warning: Font shape `U/wasy/m/n' in size <1.5> not available
(Font)              size <5> substituted on input line 26.


Overfull \hbox (14.17351pt too wide) in paragraph at lines 26--27
 []$[]$ 
 []

<figures//lastlayers.png, id=148, 403.5075pt x 743.02594pt>
File: figures//lastlayers.png Graphic file (type png)
<use figures//lastlayers.png>
Package pdftex.def Info: figures//lastlayers.png  used on input line 30.
(pdftex.def)             Requested size: 111.09023pt x 204.56519pt.
) [5

 <./figures//class.pdf> <./figures//class.pdf

pdfTeX warning: pdflatex.exe (file ./figures//class.pdf): PDF inclusion: multip
le pdfs with page group included in a single page
> <./figures//lastlayers.png (PNG copy)>] (./figures//accuracy.pdf_tex
<figures//accuracy.pdf, id=161, page=1, 2056.95969pt x 518.18282pt>
File: figures//accuracy.pdf Graphic file (type pdf)
<use figures//accuracy.pdf, page 1>
Package pdftex.def Info: figures//accuracy.pdf , page1 used on input line 56.
(pdftex.def)             Requested size: 329.15642pt x 82.91884pt.
<figures//accuracy.pdf, id=162, page=2, 2056.95969pt x 518.18282pt>
File: figures//accuracy.pdf Graphic file (type pdf)
<use figures//accuracy.pdf, page 2>
Package pdftex.def Info: figures//accuracy.pdf , page2 used on input line 66.
(pdftex.def)             Requested size: 329.15642pt x 82.91884pt.
<figures//accuracy.pdf, id=163, page=3, 2056.95969pt x 518.18282pt>
File: figures//accuracy.pdf Graphic file (type pdf)
<use figures//accuracy.pdf, page 3>
Package pdftex.def Info: figures//accuracy.pdf , page3 used on input line 76.
(pdftex.def)             Requested size: 329.15642pt x 82.91884pt.
)
(./figures//loss.pdf_tex
<figures//loss.pdf, id=164, page=1, 2060.67548pt x 472.6868pt>
File: figures//loss.pdf Graphic file (type pdf)
<use figures//loss.pdf, page 1>
Package pdftex.def Info: figures//loss.pdf , page1 used on input line 56.
(pdftex.def)             Requested size: 329.15642pt x 75.5016pt.
<figures//loss.pdf, id=165, page=2, 2060.67548pt x 472.6868pt>
File: figures//loss.pdf Graphic file (type pdf)
<use figures//loss.pdf, page 2>
Package pdftex.def Info: figures//loss.pdf , page2 used on input line 66.
(pdftex.def)             Requested size: 329.15642pt x 75.5016pt.
<figures//loss.pdf, id=166, page=3, 2060.67548pt x 472.6868pt>
File: figures//loss.pdf Graphic file (type pdf)
<use figures//loss.pdf, page 3>
Package pdftex.def Info: figures//loss.pdf , page3 used on input line 76.
(pdftex.def)             Requested size: 329.15642pt x 75.5016pt.
) (./figures//gpu.pdf_tex
<figures//gpu.pdf, id=167, page=1, 159.24895pt x 275.1858pt>
File: figures//gpu.pdf Graphic file (type pdf)
<use figures//gpu.pdf, page 1>
Package pdftex.def Info: figures//gpu.pdf , page1 used on input line 56.
(pdftex.def)             Requested size: 74.05827pt x 127.97687pt.
<figures//gpu.pdf, id=168, page=2, 159.24895pt x 275.1858pt>
File: figures//gpu.pdf Graphic file (type pdf)
<use figures//gpu.pdf, page 2>
Package pdftex.def Info: figures//gpu.pdf , page2 used on input line 60.
(pdftex.def)             Requested size: 74.05827pt x 127.97687pt.
)
Overfull \hbox (6.70544pt too wide) in paragraph at lines 238--238
   [] 
 []

[6

 <./figures//accuracy.pdf> <./figures//accuracy.pdf

pdfTeX warning: pdflatex.exe (file ./figures//accuracy.pdf): PDF inclusion: mul
tiple pdfs with page group included in a single page
> <./figures//accuracy.pdf

pdfTeX warning: pdflatex.exe (file ./figures//accuracy.pdf): PDF inclusion: mul
tiple pdfs with page group included in a single page
> <./figures//loss.pdf

pdfTeX warning: pdflatex.exe (file ./figures//loss.pdf): PDF inclusion: multipl
e pdfs with page group included in a single page
> <./figures//loss.pdf

pdfTeX warning: pdflatex.exe (file ./figures//loss.pdf): PDF inclusion: multipl
e pdfs with page group included in a single page
> <./figures//loss.pdf

pdfTeX warning: pdflatex.exe (file ./figures//loss.pdf): PDF inclusion: multipl
e pdfs with page group included in a single page
> <./figures//gpu.pdf

pdfTeX warning: pdflatex.exe (file ./figures//gpu.pdf): PDF inclusion: multiple
 pdfs with page group included in a single page
> <./figures//gpu.pdf

pdfTeX warning: pdflatex.exe (file ./figures//gpu.pdf): PDF inclusion: multiple
 pdfs with page group included in a single page
>]
\openout4 = `my_beamer.vrb'.

 (./my_beamer.vrb (./figures//FM_first.pdf_tex
<figures//FM_first.pdf, id=178, page=1, 349.73743pt x 285.88171pt>
File: figures//FM_first.pdf Graphic file (type pdf)
<use figures//FM_first.pdf, page 1>
Package pdftex.def Info: figures//FM_first.pdf , page1 used on input line 56.
(pdftex.def)             Requested size: 98.74791pt x 80.7181pt.
<figures//FM_first.pdf, id=179, page=2, 349.73743pt x 285.88171pt>
File: figures//FM_first.pdf Graphic file (type pdf)
<use figures//FM_first.pdf, page 2>
Package pdftex.def Info: figures//FM_first.pdf , page2 used on input line 65.
(pdftex.def)             Requested size: 98.74791pt x 80.7181pt.
<figures//FM_first.pdf, id=180, page=3, 349.73743pt x 285.88171pt>
File: figures//FM_first.pdf Graphic file (type pdf)
<use figures//FM_first.pdf, page 3>
Package pdftex.def Info: figures//FM_first.pdf , page3 used on input line 78.
(pdftex.def)             Requested size: 98.74791pt x 80.7181pt.
)
<figures//n25.png, id=181, 328.22626pt x 262.73157pt>
File: figures//n25.png Graphic file (type png)
<use figures//n25.png>
Package pdftex.def Info: figures//n25.png  used on input line 25.
(pdftex.def)             Requested size: 102.861pt x 82.33592pt.
<figures//n25_GT.png, id=182, 328.22626pt x 262.73157pt>
File: figures//n25_GT.png Graphic file (type png)
<use figures//n25_GT.png>
Package pdftex.def Info: figures//n25_GT.png  used on input line 28.
(pdftex.def)             Requested size: 102.861pt x 82.33592pt.
<figures//n25_seg.png, id=183, 328.22626pt x 262.73157pt>
File: figures//n25_seg.png Graphic file (type png)
<use figures//n25_seg.png>
Package pdftex.def Info: figures//n25_seg.png  used on input line 31.
(pdftex.def)             Requested size: 102.861pt x 82.33592pt.
<figures//GT_vs_SEG.png, id=184, 328.22626pt x 262.73157pt>
File: figures//GT_vs_SEG.png Graphic file (type png)
<use figures//GT_vs_SEG.png>
Package pdftex.def Info: figures//GT_vs_SEG.png  used on input line 34.
(pdftex.def)             Requested size: 102.861pt x 82.33592pt.
) [7

 <./figures//FM_first.pdf> <./figures//FM_first.pdf

pdfTeX warning: pdflatex.exe (file ./figures//FM_first.pdf): PDF inclusion: mul
tiple pdfs with page group included in a single page
> <./figures//FM_first.pdf

pdfTeX warning: pdflatex.exe (file ./figures//FM_first.pdf): PDF inclusion: mul
tiple pdfs with page group included in a single page
> <./figures//n25.png (PNG copy)> <./figures//n25_GT.png (PNG copy)> <./figures
//n25_seg.png (PNG copy)> <./figures//GT_vs_SEG.png (PNG copy)>]
(./figures//solver.pdf_tex
<figures//solver.pdf, id=193, page=1, 853.36896pt x 468.69023pt>
File: figures//solver.pdf Graphic file (type pdf)
<use figures//solver.pdf, page 1>
Package pdftex.def Info: figures//solver.pdf , page1 used on input line 56.
(pdftex.def)             Requested size: 370.29706pt x 203.37798pt.
<figures//solver.pdf, id=194, page=2, 853.36896pt x 468.69023pt>
File: figures//solver.pdf Graphic file (type pdf)
<use figures//solver.pdf, page 2>
Package pdftex.def Info: figures//solver.pdf , page2 used on input line 65.
(pdftex.def)             Requested size: 370.29706pt x 203.37798pt.
<figures//solver.pdf, id=195, page=3, 853.36896pt x 468.69023pt>
File: figures//solver.pdf Graphic file (type pdf)
<use figures//solver.pdf, page 3>
Package pdftex.def Info: figures//solver.pdf , page3 used on input line 74.
(pdftex.def)             Requested size: 370.29706pt x 203.37798pt.
<figures//solver.pdf, id=196, page=4, 853.36896pt x 468.69023pt>
File: figures//solver.pdf Graphic file (type pdf)
<use figures//solver.pdf, page 4>
Package pdftex.def Info: figures//solver.pdf , page4 used on input line 76.
(pdftex.def)             Requested size: 370.29706pt x 203.37798pt.
<figures//solver.pdf, id=197, page=5, 853.36896pt x 468.69023pt>
File: figures//solver.pdf Graphic file (type pdf)
<use figures//solver.pdf, page 5>
Package pdftex.def Info: figures//solver.pdf , page5 used on input line 78.
(pdftex.def)             Requested size: 370.29706pt x 203.37798pt.
<figures//solver.pdf, id=198, page=6, 853.36896pt x 468.69023pt>
File: figures//solver.pdf Graphic file (type pdf)
<use figures//solver.pdf, page 6>
Package pdftex.def Info: figures//solver.pdf , page6 used on input line 80.
(pdftex.def)             Requested size: 370.29706pt x 203.37798pt.
<figures//solver.pdf, id=199, page=7, 853.36896pt x 468.69023pt>
File: figures//solver.pdf Graphic file (type pdf)
<use figures//solver.pdf, page 7>
Package pdftex.def Info: figures//solver.pdf , page7 used on input line 82.
(pdftex.def)             Requested size: 370.29706pt x 203.37798pt.
<figures//solver.pdf, id=200, page=8, 853.36896pt x 468.69023pt>
File: figures//solver.pdf Graphic file (type pdf)
<use figures//solver.pdf, page 8>
Package pdftex.def Info: figures//solver.pdf , page8 used on input line 84.
(pdftex.def)             Requested size: 370.29706pt x 203.37798pt.
<figures//solver.pdf, id=201, page=9, 853.36896pt x 468.69023pt>
File: figures//solver.pdf Graphic file (type pdf)
<use figures//solver.pdf, page 9>
Package pdftex.def Info: figures//solver.pdf , page9 used on input line 86.
(pdftex.def)             Requested size: 370.29706pt x 203.37798pt.
) [8

 <./figures//solver.pdf> <./figures//solver.pdf

pdfTeX warning: pdflatex.exe (file ./figures//solver.pdf): PDF inclusion: multi
ple pdfs with page group included in a single page
> <./figures//solver.pdf

pdfTeX warning: pdflatex.exe (file ./figures//solver.pdf): PDF inclusion: multi
ple pdfs with page group included in a single page
> <./figures//solver.pdf

pdfTeX warning: pdflatex.exe (file ./figures//solver.pdf): PDF inclusion: multi
ple pdfs with page group included in a single page
> <./figures//solver.pdf

pdfTeX warning: pdflatex.exe (file ./figures//solver.pdf): PDF inclusion: multi
ple pdfs with page group included in a single page
> <./figures//solver.pdf

pdfTeX warning: pdflatex.exe (file ./figures//solver.pdf): PDF inclusion: multi
ple pdfs with page group included in a single page
> <./figures//solver.pdf

pdfTeX warning: pdflatex.exe (file ./figures//solver.pdf): PDF inclusion: multi
ple pdfs with page group included in a single page
> <./figures//solver.pdf

pdfTeX warning: pdflatex.exe (file ./figures//solver.pdf): PDF inclusion: multi
ple pdfs with page group included in a single page
> <./figures//solver.pdf

pdfTeX warning: pdflatex.exe (file ./figures//solver.pdf): PDF inclusion: multi
ple pdfs with page group included in a single page
>] (./figures//epoche.pdf_tex
<figures//epoche.pdf, id=209, page=1, 364.08026pt x 292.72089pt>
File: figures//epoche.pdf Graphic file (type pdf)
<use figures//epoche.pdf, page 1>
Package pdftex.def Info: figures//epoche.pdf , page1 used on input line 56.
(pdftex.def)             Requested size: 111.09023pt x 89.31323pt.
<figures//epoche.pdf, id=210, page=2, 364.08026pt x 292.72089pt>
File: figures//epoche.pdf Graphic file (type pdf)
<use figures//epoche.pdf, page 2>
Package pdftex.def Info: figures//epoche.pdf , page2 used on input line 66.
(pdftex.def)             Requested size: 111.09023pt x 89.31323pt.
<figures//epoche.pdf, id=211, page=3, 364.08026pt x 292.72089pt>
File: figures//epoche.pdf Graphic file (type pdf)
<use figures//epoche.pdf, page 3>
Package pdftex.def Info: figures//epoche.pdf , page3 used on input line 77.
(pdftex.def)             Requested size: 111.09023pt x 89.31323pt.
<figures//epoche.pdf, id=212, page=4, 364.08026pt x 292.72089pt>
File: figures//epoche.pdf Graphic file (type pdf)
<use figures//epoche.pdf, page 4>
Package pdftex.def Info: figures//epoche.pdf , page4 used on input line 79.
(pdftex.def)             Requested size: 111.09023pt x 89.31323pt.
<figures//epoche.pdf, id=213, page=5, 364.08026pt x 292.72089pt>
File: figures//epoche.pdf Graphic file (type pdf)
<use figures//epoche.pdf, page 5>
Package pdftex.def Info: figures//epoche.pdf , page5 used on input line 81.
(pdftex.def)             Requested size: 111.09023pt x 89.31323pt.
<figures//epoche.pdf, id=214, page=6, 364.08026pt x 292.72089pt>
File: figures//epoche.pdf Graphic file (type pdf)
<use figures//epoche.pdf, page 6>
Package pdftex.def Info: figures//epoche.pdf , page6 used on input line 83.
(pdftex.def)             Requested size: 111.09023pt x 89.31323pt.
<figures//epoche.pdf, id=215, page=7, 364.08026pt x 292.72089pt>
File: figures//epoche.pdf Graphic file (type pdf)
<use figures//epoche.pdf, page 7>
Package pdftex.def Info: figures//epoche.pdf , page7 used on input line 85.
(pdftex.def)             Requested size: 111.09023pt x 89.31323pt.
<figures//epoche.pdf, id=216, page=8, 364.08026pt x 292.72089pt>
File: figures//epoche.pdf Graphic file (type pdf)
<use figures//epoche.pdf, page 8>
Package pdftex.def Info: figures//epoche.pdf , page8 used on input line 87.
(pdftex.def)             Requested size: 111.09023pt x 89.31323pt.
<figures//epoche.pdf, id=217, page=9, 364.08026pt x 292.72089pt>
File: figures//epoche.pdf Graphic file (type pdf)
<use figures//epoche.pdf, page 9>
Package pdftex.def Info: figures//epoche.pdf , page9 used on input line 89.
(pdftex.def)             Requested size: 111.09023pt x 89.31323pt.
<figures//epoche.pdf, id=218, page=10, 364.08026pt x 292.72089pt>
File: figures//epoche.pdf Graphic file (type pdf)
<use figures//epoche.pdf, page 10>
Package pdftex.def Info: figures//epoche.pdf , page10 used on input line 91.
(pdftex.def)             Requested size: 111.09023pt x 89.31323pt.
) (./figures//epoche2.pdf_tex
<figures//epoche2.pdf, id=219, page=1, 359.21623pt x 289.76863pt>
File: figures//epoche2.pdf Graphic file (type pdf)
<use figures//epoche2.pdf, page 1>
Package pdftex.def Info: figures//epoche2.pdf , page1 used on input line 56.
(pdftex.def)             Requested size: 111.09023pt x 89.61069pt.
<figures//epoche2.pdf, id=220, page=2, 359.21623pt x 289.76863pt>
File: figures//epoche2.pdf Graphic file (type pdf)
<use figures//epoche2.pdf, page 2>
Package pdftex.def Info: figures//epoche2.pdf , page2 used on input line 65.
(pdftex.def)             Requested size: 111.09023pt x 89.61069pt.
<figures//epoche2.pdf, id=221, page=3, 359.21623pt x 289.76863pt>
File: figures//epoche2.pdf Graphic file (type pdf)
<use figures//epoche2.pdf, page 3>
Package pdftex.def Info: figures//epoche2.pdf , page3 used on input line 75.
(pdftex.def)             Requested size: 111.09023pt x 89.61069pt.
)
(./figures//batch.pdf_tex
<figures//batch.pdf, id=222, page=1, 364.08026pt x 292.72089pt>
File: figures//batch.pdf Graphic file (type pdf)
<use figures//batch.pdf, page 1>
Package pdftex.def Info: figures//batch.pdf , page1 used on input line 56.
(pdftex.def)             Requested size: 111.09023pt x 89.31323pt.
<figures//batch.pdf, id=223, page=2, 364.08026pt x 292.72089pt>
File: figures//batch.pdf Graphic file (type pdf)
<use figures//batch.pdf, page 2>
Package pdftex.def Info: figures//batch.pdf , page2 used on input line 66.
(pdftex.def)             Requested size: 111.09023pt x 89.31323pt.
<figures//batch.pdf, id=224, page=3, 364.08026pt x 292.72089pt>
File: figures//batch.pdf Graphic file (type pdf)
<use figures//batch.pdf, page 3>
Package pdftex.def Info: figures//batch.pdf , page3 used on input line 79.
(pdftex.def)             Requested size: 111.09023pt x 89.31323pt.
<figures//batch.pdf, id=225, page=4, 364.08026pt x 292.72089pt>
File: figures//batch.pdf Graphic file (type pdf)
<use figures//batch.pdf, page 4>
Package pdftex.def Info: figures//batch.pdf , page4 used on input line 81.
(pdftex.def)             Requested size: 111.09023pt x 89.31323pt.
<figures//batch.pdf, id=226, page=5, 364.08026pt x 292.72089pt>
File: figures//batch.pdf Graphic file (type pdf)
<use figures//batch.pdf, page 5>
Package pdftex.def Info: figures//batch.pdf , page5 used on input line 83.
(pdftex.def)             Requested size: 111.09023pt x 89.31323pt.
<figures//batch.pdf, id=227, page=6, 364.08026pt x 292.72089pt>
File: figures//batch.pdf Graphic file (type pdf)
<use figures//batch.pdf, page 6>
Package pdftex.def Info: figures//batch.pdf , page6 used on input line 85.
(pdftex.def)             Requested size: 111.09023pt x 89.31323pt.
<figures//batch.pdf, id=228, page=7, 364.08026pt x 292.72089pt>
File: figures//batch.pdf Graphic file (type pdf)
<use figures//batch.pdf, page 7>
Package pdftex.def Info: figures//batch.pdf , page7 used on input line 87.
(pdftex.def)             Requested size: 111.09023pt x 89.31323pt.
<figures//batch.pdf, id=229, page=8, 364.08026pt x 292.72089pt>
File: figures//batch.pdf Graphic file (type pdf)
<use figures//batch.pdf, page 8>
Package pdftex.def Info: figures//batch.pdf , page8 used on input line 89.
(pdftex.def)             Requested size: 111.09023pt x 89.31323pt.
<figures//batch.pdf, id=230, page=9, 364.08026pt x 292.72089pt>
File: figures//batch.pdf Graphic file (type pdf)
<use figures//batch.pdf, page 9>
Package pdftex.def Info: figures//batch.pdf , page9 used on input line 91.
(pdftex.def)             Requested size: 111.09023pt x 89.31323pt.
) (./figures//batch2.pdf_tex
<figures//batch2.pdf, id=231, page=1, 359.21623pt x 287.70374pt>
File: figures//batch2.pdf Graphic file (type pdf)
<use figures//batch2.pdf, page 1>
Package pdftex.def Info: figures//batch2.pdf , page1 used on input line 56.
(pdftex.def)             Requested size: 111.09023pt x 88.97212pt.
<figures//batch2.pdf, id=232, page=2, 359.21623pt x 287.70374pt>
File: figures//batch2.pdf Graphic file (type pdf)
<use figures//batch2.pdf, page 2>
Package pdftex.def Info: figures//batch2.pdf , page2 used on input line 64.
(pdftex.def)             Requested size: 111.09023pt x 88.97212pt.
<figures//batch2.pdf, id=233, page=3, 359.21623pt x 287.70374pt>
File: figures//batch2.pdf Graphic file (type pdf)
<use figures//batch2.pdf, page 3>
Package pdftex.def Info: figures//batch2.pdf , page3 used on input line 73.
(pdftex.def)             Requested size: 111.09023pt x 88.97212pt.
) (./figures//lr.pdf_tex
<figures//lr.pdf, id=234, page=1, 364.08026pt x 292.72089pt>
File: figures//lr.pdf Graphic file (type pdf)
<use figures//lr.pdf, page 1>
Package pdftex.def Info: figures//lr.pdf , page1 used on input line 56.
(pdftex.def)             Requested size: 111.09023pt x 89.31323pt.
<figures//lr.pdf, id=235, page=2, 364.08026pt x 292.72089pt>
File: figures//lr.pdf Graphic file (type pdf)
<use figures//lr.pdf, page 2>
Package pdftex.def Info: figures//lr.pdf , page2 used on input line 66.
(pdftex.def)             Requested size: 111.09023pt x 89.31323pt.
<figures//lr.pdf, id=236, page=3, 364.08026pt x 292.72089pt>
File: figures//lr.pdf Graphic file (type pdf)
<use figures//lr.pdf, page 3>
Package pdftex.def Info: figures//lr.pdf , page3 used on input line 77.
(pdftex.def)             Requested size: 111.09023pt x 89.31323pt.
<figures//lr.pdf, id=237, page=4, 364.08026pt x 292.72089pt>
File: figures//lr.pdf Graphic file (type pdf)
<use figures//lr.pdf, page 4>
Package pdftex.def Info: figures//lr.pdf , page4 used on input line 79.
(pdftex.def)             Requested size: 111.09023pt x 89.31323pt.
<figures//lr.pdf, id=238, page=5, 364.08026pt x 292.72089pt>
File: figures//lr.pdf Graphic file (type pdf)
<use figures//lr.pdf, page 5>
Package pdftex.def Info: figures//lr.pdf , page5 used on input line 81.
(pdftex.def)             Requested size: 111.09023pt x 89.31323pt.
<figures//lr.pdf, id=239, page=6, 364.08026pt x 292.72089pt>
File: figures//lr.pdf Graphic file (type pdf)
<use figures//lr.pdf, page 6>
Package pdftex.def Info: figures//lr.pdf , page6 used on input line 83.
(pdftex.def)             Requested size: 111.09023pt x 89.31323pt.
<figures//lr.pdf, id=240, page=7, 364.08026pt x 292.72089pt>
File: figures//lr.pdf Graphic file (type pdf)
<use figures//lr.pdf, page 7>
Package pdftex.def Info: figures//lr.pdf , page7 used on input line 85.
(pdftex.def)             Requested size: 111.09023pt x 89.31323pt.
)
(./figures//lr2.pdf_tex
<figures//lr2.pdf, id=241, page=1, 359.21623pt x 287.70377pt>
File: figures//lr2.pdf Graphic file (type pdf)
<use figures//lr2.pdf, page 1>
Package pdftex.def Info: figures//lr2.pdf , page1 used on input line 56.
(pdftex.def)             Requested size: 111.09023pt x 88.97212pt.
<figures//lr2.pdf, id=242, page=2, 359.21623pt x 287.70377pt>
File: figures//lr2.pdf Graphic file (type pdf)
<use figures//lr2.pdf, page 2>
Package pdftex.def Info: figures//lr2.pdf , page2 used on input line 62.
(pdftex.def)             Requested size: 111.09023pt x 88.97212pt.
<figures//lr2.pdf, id=243, page=3, 359.21623pt x 287.70377pt>
File: figures//lr2.pdf Graphic file (type pdf)
<use figures//lr2.pdf, page 3>
Package pdftex.def Info: figures//lr2.pdf , page3 used on input line 72.
(pdftex.def)             Requested size: 111.09023pt x 88.97212pt.
) [9

 <./figures//epoche.pdf> <./figures//epoche.pdf

pdfTeX warning: pdflatex.exe (file ./figures//epoche.pdf): PDF inclusion: multi
ple pdfs with page group included in a single page
> <./figures//epoche.pdf

pdfTeX warning: pdflatex.exe (file ./figures//epoche.pdf): PDF inclusion: multi
ple pdfs with page group included in a single page
> <./figures//epoche.pdf

pdfTeX warning: pdflatex.exe (file ./figures//epoche.pdf): PDF inclusion: multi
ple pdfs with page group included in a single page
> <./figures//epoche.pdf

pdfTeX warning: pdflatex.exe (file ./figures//epoche.pdf): PDF inclusion: multi
ple pdfs with page group included in a single page
> <./figures//epoche.pdf

pdfTeX warning: pdflatex.exe (file ./figures//epoche.pdf): PDF inclusion: multi
ple pdfs with page group included in a single page
> <./figures//epoche.pdf

pdfTeX warning: pdflatex.exe (file ./figures//epoche.pdf): PDF inclusion: multi
ple pdfs with page group included in a single page
> <./figures//epoche.pdf

pdfTeX warning: pdflatex.exe (file ./figures//epoche.pdf): PDF inclusion: multi
ple pdfs with page group included in a single page
> <./figures//epoche.pdf

pdfTeX warning: pdflatex.exe (file ./figures//epoche.pdf): PDF inclusion: multi
ple pdfs with page group included in a single page
> <./figures//epoche.pdf

pdfTeX warning: pdflatex.exe (file ./figures//epoche.pdf): PDF inclusion: multi
ple pdfs with page group included in a single page
> <./figures//epoche2.pdf

pdfTeX warning: pdflatex.exe (file ./figures//epoche2.pdf): PDF inclusion: mult
iple pdfs with page group included in a single page
> <./figures//epoche2.pdf

pdfTeX warning: pdflatex.exe (file ./figures//epoche2.pdf): PDF inclusion: mult
iple pdfs with page group included in a single page
> <./figures//epoche2.pdf

pdfTeX warning: pdflatex.exe (file ./figures//epoche2.pdf): PDF inclusion: mult
iple pdfs with page group included in a single page
> <./figures//batch.pdf

pdfTeX warning: pdflatex.exe (file ./figures//batch.pdf): PDF inclusion: multip
le pdfs with page group included in a single page
> <./figures//batch.pdf

pdfTeX warning: pdflatex.exe (file ./figures//batch.pdf): PDF inclusion: multip
le pdfs with page group included in a single page
> <./figures//batch.pdf

pdfTeX warning: pdflatex.exe (file ./figures//batch.pdf): PDF inclusion: multip
le pdfs with page group included in a single page
> <./figures//batch.pdf

pdfTeX warning: pdflatex.exe (file ./figures//batch.pdf): PDF inclusion: multip
le pdfs with page group included in a single page
> <./figures//batch.pdf

pdfTeX warning: pdflatex.exe (file ./figures//batch.pdf): PDF inclusion: multip
le pdfs with page group included in a single page
> <./figures//batch.pdf

pdfTeX warning: pdflatex.exe (file ./figures//batch.pdf): PDF inclusion: multip
le pdfs with page group included in a single page
> <./figures//batch.pdf

pdfTeX warning: pdflatex.exe (file ./figures//batch.pdf): PDF inclusion: multip
le pdfs with page group included in a single page
> <./figures//batch.pdf

pdfTeX warning: pdflatex.exe (file ./figures//batch.pdf): PDF inclusion: multip
le pdfs with page group included in a single page
> <./figures//batch.pdf

pdfTeX warning: pdflatex.exe (file ./figures//batch.pdf): PDF inclusion: multip
le pdfs with page group included in a single page
> <./figures//batch2.pdf

pdfTeX warning: pdflatex.exe (file ./figures//batch2.pdf): PDF inclusion: multi
ple pdfs with page group included in a single page
> <./figures//batch2.pdf

pdfTeX warning: pdflatex.exe (file ./figures//batch2.pdf): PDF inclusion: multi
ple pdfs with page group included in a single page
> <./figures//batch2.pdf

pdfTeX warning: pdflatex.exe (file ./figures//batch2.pdf): PDF inclusion: multi
ple pdfs with page group included in a single page
> <./figures//lr.pdf

pdfTeX warning: pdflatex.exe (file ./figures//lr.pdf): PDF inclusion: multiple 
pdfs with page group included in a single page
> <./figures//lr.pdf

pdfTeX warning: pdflatex.exe (file ./figures//lr.pdf): PDF inclusion: multiple 
pdfs with page group included in a single page
> <./figures//lr.pdf

pdfTeX warning: pdflatex.exe (file ./figures//lr.pdf): PDF inclusion: multiple 
pdfs with page group included in a single page
> <./figures//lr.pdf

pdfTeX warning: pdflatex.exe (file ./figures//lr.pdf): PDF inclusion: multiple 
pdfs with page group included in a single page
> <./figures//lr.pdf

pdfTeX warning: pdflatex.exe (file ./figures//lr.pdf): PDF inclusion: multiple 
pdfs with page group included in a single page
> <./figures//lr.pdf

pdfTeX warning: pdflatex.exe (file ./figures//lr.pdf): PDF inclusion: multiple 
pdfs with page group included in a single page
> <./figures//lr.pdf

pdfTeX warning: pdflatex.exe (file ./figures//lr.pdf): PDF inclusion: multiple 
pdfs with page group included in a single page
> <./figures//lr2.pdf

pdfTeX warning: pdflatex.exe (file ./figures//lr2.pdf): PDF inclusion: multiple
 pdfs with page group included in a single page
> <./figures//lr2.pdf

pdfTeX warning: pdflatex.exe (file ./figures//lr2.pdf): PDF inclusion: multiple
 pdfs with page group included in a single page
> <./figures//lr2.pdf

pdfTeX warning: pdflatex.exe (file ./figures//lr2.pdf): PDF inclusion: multiple
 pdfs with page group included in a single page
>] (./figures//contour1.pdf_tex
<figures//contour1.pdf, id=257, page=1, 369.75018pt x 280.33737pt>
File: figures//contour1.pdf Graphic file (type pdf)
<use figures//contour1.pdf, page 1>
Package pdftex.def Info: figures//contour1.pdf , page1 used on input line 56.
(pdftex.def)             Requested size: 185.14853pt x 140.37793pt.
<figures//contour1.pdf, id=258, page=2, 369.75018pt x 280.33737pt>
File: figures//contour1.pdf Graphic file (type pdf)
<use figures//contour1.pdf, page 2>
Package pdftex.def Info: figures//contour1.pdf , page2 used on input line 67.
(pdftex.def)             Requested size: 185.14853pt x 140.37793pt.
<figures//contour1.pdf, id=259, page=3, 369.75018pt x 280.33737pt>
File: figures//contour1.pdf Graphic file (type pdf)
<use figures//contour1.pdf, page 3>
Package pdftex.def Info: figures//contour1.pdf , page3 used on input line 78.
(pdftex.def)             Requested size: 185.14853pt x 140.37793pt.
<figures//contour1.pdf, id=260, page=4, 369.75018pt x 280.33737pt>
File: figures//contour1.pdf Graphic file (type pdf)
<use figures//contour1.pdf, page 4>
Package pdftex.def Info: figures//contour1.pdf , page4 used on input line 86.
(pdftex.def)             Requested size: 185.14853pt x 140.37793pt.
) (./figures//contour2.pdf_tex
<figures//contour2.pdf, id=261, page=1, 364.81303pt x 279.8926pt>
File: figures//contour2.pdf Graphic file (type pdf)
<use figures//contour2.pdf, page 1>
Package pdftex.def Info: figures//contour2.pdf , page1 used on input line 56.
(pdftex.def)             Requested size: 185.14853pt x 142.05573pt.
<figures//contour2.pdf, id=262, page=2, 364.81303pt x 279.8926pt>
File: figures//contour2.pdf Graphic file (type pdf)
<use figures//contour2.pdf, page 2>
Package pdftex.def Info: figures//contour2.pdf , page2 used on input line 67.
(pdftex.def)             Requested size: 185.14853pt x 142.05573pt.
<figures//contour2.pdf, id=263, page=3, 364.81303pt x 279.8926pt>
File: figures//contour2.pdf Graphic file (type pdf)
<use figures//contour2.pdf, page 3>
Package pdftex.def Info: figures//contour2.pdf , page3 used on input line 78.
(pdftex.def)             Requested size: 185.14853pt x 142.05573pt.
<figures//contour2.pdf, id=264, page=4, 364.81303pt x 279.8926pt>
File: figures//contour2.pdf Graphic file (type pdf)
<use figures//contour2.pdf, page 4>
Package pdftex.def Info: figures//contour2.pdf , page4 used on input line 87.
(pdftex.def)             Requested size: 185.14853pt x 142.05573pt.
) [10

 <./figures//contour1.pdf> <./figures//contour1.pdf

pdfTeX warning: pdflatex.exe (file ./figures//contour1.pdf): PDF inclusion: mul
tiple pdfs with page group included in a single page
> <./figures//contour1.pdf

pdfTeX warning: pdflatex.exe (file ./figures//contour1.pdf): PDF inclusion: mul
tiple pdfs with page group included in a single page
> <./figures//contour1.pdf

pdfTeX warning: pdflatex.exe (file ./figures//contour1.pdf): PDF inclusion: mul
tiple pdfs with page group included in a single page
> <./figures//contour2.pdf

pdfTeX warning: pdflatex.exe (file ./figures//contour2.pdf): PDF inclusion: mul
tiple pdfs with page group included in a single page
> <./figures//contour2.pdf

pdfTeX warning: pdflatex.exe (file ./figures//contour2.pdf): PDF inclusion: mul
tiple pdfs with page group included in a single page
> <./figures//contour2.pdf

pdfTeX warning: pdflatex.exe (file ./figures//contour2.pdf): PDF inclusion: mul
tiple pdfs with page group included in a single page
> <./figures//contour2.pdf

pdfTeX warning: pdflatex.exe (file ./figures//contour2.pdf): PDF inclusion: mul
tiple pdfs with page group included in a single page
>]
\openout4 = `my_beamer.vrb'.

 (./my_beamer.vrb (./figures//moreNet.pdf_tex
<figures//moreNet.pdf, id=292, page=1, 119.7636pt x 230.9466pt>
File: figures//moreNet.pdf Graphic file (type pdf)
<use figures//moreNet.pdf, page 1>
Package pdftex.def Info: figures//moreNet.pdf , page1 used on input line 56.
(pdftex.def)             Requested size: 82.28754pt x 158.68376pt.
<figures//moreNet.pdf, id=293, page=2, 119.7636pt x 230.9466pt>
File: figures//moreNet.pdf Graphic file (type pdf)
<use figures//moreNet.pdf, page 2>
Package pdftex.def Info: figures//moreNet.pdf , page2 used on input line 58.
(pdftex.def)             Requested size: 82.28754pt x 158.68376pt.
<figures//moreNet.pdf, id=294, page=3, 119.7636pt x 230.9466pt>
File: figures//moreNet.pdf Graphic file (type pdf)
<use figures//moreNet.pdf, page 3>
Package pdftex.def Info: figures//moreNet.pdf , page3 used on input line 60.
(pdftex.def)             Requested size: 82.28754pt x 158.68376pt.
<figures//moreNet.pdf, id=295, page=4, 119.7636pt x 230.9466pt>
File: figures//moreNet.pdf Graphic file (type pdf)
<use figures//moreNet.pdf, page 4>
Package pdftex.def Info: figures//moreNet.pdf , page4 used on input line 64.
(pdftex.def)             Requested size: 82.28754pt x 158.68376pt.
<figures//moreNet.pdf, id=296, page=5, 119.7636pt x 230.9466pt>
File: figures//moreNet.pdf Graphic file (type pdf)
<use figures//moreNet.pdf, page 5>
Package pdftex.def Info: figures//moreNet.pdf , page5 used on input line 66.
(pdftex.def)             Requested size: 82.28754pt x 158.68376pt.
<figures//moreNet.pdf, id=297, page=6, 119.7636pt x 230.9466pt>
File: figures//moreNet.pdf Graphic file (type pdf)
<use figures//moreNet.pdf, page 6>
Package pdftex.def Info: figures//moreNet.pdf , page6 used on input line 68.
(pdftex.def)             Requested size: 82.28754pt x 158.68376pt.
) (./figures//net.pdf_tex
<figures//net.pdf, id=298, page=1, 481.30348pt x 328.35631pt>
File: figures//net.pdf Graphic file (type pdf)
<use figures//net.pdf, page 1>
Package pdftex.def Info: figures//net.pdf , page1 used on input line 56.
(pdftex.def)             Requested size: 244.80984pt x 167.01358pt.
<figures//net.pdf, id=299, page=2, 481.30348pt x 328.35631pt>
File: figures//net.pdf Graphic file (type pdf)
<use figures//net.pdf, page 2>
Package pdftex.def Info: figures//net.pdf , page2 used on input line 58.
(pdftex.def)             Requested size: 244.80984pt x 167.01358pt.
<figures//net.pdf, id=300, page=3, 481.30348pt x 328.35631pt>
File: figures//net.pdf Graphic file (type pdf)
<use figures//net.pdf, page 3>
Package pdftex.def Info: figures//net.pdf , page3 used on input line 60.
(pdftex.def)             Requested size: 244.80984pt x 167.01358pt.
))
Overfull \vbox (9.67691pt too high) detected at line 375
 []

[11

 <./figures//moreNet.pdf> <./figures//moreNet.pdf

pdfTeX warning: pdflatex.exe (file ./figures//moreNet.pdf): PDF inclusion: mult
iple pdfs with page group included in a single page
> <./figures//moreNet.pdf

pdfTeX warning: pdflatex.exe (file ./figures//moreNet.pdf): PDF inclusion: mult
iple pdfs with page group included in a single page
> <./figures//moreNet.pdf

pdfTeX warning: pdflatex.exe (file ./figures//moreNet.pdf): PDF inclusion: mult
iple pdfs with page group included in a single page
> <./figures//moreNet.pdf

pdfTeX warning: pdflatex.exe (file ./figures//moreNet.pdf): PDF inclusion: mult
iple pdfs with page group included in a single page
> <./figures//moreNet.pdf

pdfTeX warning: pdflatex.exe (file ./figures//moreNet.pdf): PDF inclusion: mult
iple pdfs with page group included in a single page
> <./figures//net.pdf

pdfTeX warning: pdflatex.exe (file ./figures//net.pdf): PDF inclusion: multiple
 pdfs with page group included in a single page
> <./figures//net.pdf

pdfTeX warning: pdflatex.exe (file ./figures//net.pdf): PDF inclusion: multiple
 pdfs with page group included in a single page
> <./figures//net.pdf

pdfTeX warning: pdflatex.exe (file ./figures//net.pdf): PDF inclusion: multiple
 pdfs with page group included in a single page
>]
\tf@nav=\write6
\openout6 = `my_beamer.nav'.

\tf@toc=\write7
\openout7 = `my_beamer.toc'.

\tf@snm=\write8
\openout8 = `my_beamer.snm'.

 (./my_beamer.aux)

LaTeX Font Warning: Size substitutions with differences
(Font)              up to 3.5pt have occurred.


LaTeX Font Warning: Some font shapes were not available, defaults substituted.

Package rerunfilecheck Info: File `my_beamer.out' has not changed.
(rerunfilecheck)             Checksum: 65F2C9F0DC09CB7504E7C1CFD3FF7492;111.
 ) 
Here is how much of TeX's memory you used:
 29347 strings out of 478579
 576720 string characters out of 5857457
 1139859 words of memory out of 5000000
 46567 multiletter control sequences out of 15000+600000
 423369 words of font info for 102 fonts, out of 8000000 for 9000
 1141 hyphenation exceptions out of 8191
 128i,16n,124p,2294b,2155s stack positions out of 5000i,500n,10000p,200000b,80000s
{c:/texlive/2021/texmf-dist/fonts/enc/dvips/cm-super/cm-super-ts1.enc}<c:/tex
live/2021/texmf-dist/fonts/type1/public/amsfonts/cm/cmbx10.pfb><c:/texlive/2021
/texmf-dist/fonts/type1/public/amsfonts/cm/cmbx12.pfb><c:/texlive/2021/texmf-di
st/fonts/type1/public/amsfonts/cm/cmr12.pfb><c:/texlive/2021/texmf-dist/fonts/t
ype1/public/amsfonts/cm/cmr8.pfb><c:/texlive/2021/texmf-dist/fonts/type1/public
/amsfonts/cm/cmss10.pfb><c:/texlive/2021/texmf-dist/fonts/type1/public/amsfonts
/cm/cmss8.pfb><c:/texlive/2021/texmf-dist/fonts/type1/public/amsfonts/cm/cmss9.
pfb><c:/texlive/2021/texmf-dist/fonts/type1/public/amsfonts/cm/cmssbx10.pfb><c:
/texlive/2021/texmf-dist/fonts/type1/public/amsfonts/cm/cmssi8.pfb><c:/texlive/
2021/texmf-dist/fonts/type1/public/amsfonts/cm/cmsy10.pfb><c:/texlive/2021/texm
f-dist/fonts/type1/public/amsfonts/cm/cmsy6.pfb><c:/texlive/2021/texmf-dist/fon
ts/type1/public/amsfonts/cm/cmsy7.pfb><c:/texlive/2021/texmf-dist/fonts/type1/p
ublic/amsfonts/cm/cmtt10.pfb><c:/texlive/2021/texmf-dist/fonts/type1/public/ams
fonts/cm/cmtt8.pfb><c:/texlive/2021/texmf-dist/fonts/type1/public/cm-super/sfss
0600.pfb>
Output written on my_beamer.pdf (11 pages, 796927 bytes).
PDF statistics:
 392 PDF objects out of 1000 (max. 8388607)
 192 compressed objects within 2 object streams
 24 named destinations out of 1000 (max. 500000)
 606 words of extra memory for PDF output out of 10000 (max. 10000000)

